[2022/5/16 - 14:18:58] Attempting to spawn DV Slot ID 0
[2022/5/16 - 14:18:58] Destroying Vehicle ID 0 for DV Slot 0
[2022/5/16 - 14:18:58] Invalid Vehicle Model ID for DV Slot 0
[2022/5/16 - 14:18:58] Attempting to spawn DV Slot ID 1
[2022/5/16 - 14:18:58] Vehicle ID 281 spawned for DV Slot 1
[2022/5/16 - 14:18:58] Attempting to spawn DV Slot ID 2
[2022/5/16 - 14:18:58] Attempting to spawn DV Slot ID 3
[2022/5/16 - 14:18:58] Vehicle ID 282 spawned for DV Slot 3
[2022/5/16 - 14:18:58] Attempting to spawn DV Slot ID 4
[2022/5/16 - 14:18:58] Attempting to spawn DV Slot ID 5
[2022/5/16 - 14:18:58] Vehicle ID 283 spawned for DV Slot 5
[2022/5/16 - 14:18:58] Attempting to spawn DV Slot ID 6
[2022/5/16 - 14:18:58] Vehicle ID 284 spawned for DV Slot 6
[2022/5/16 - 14:18:58] Attempting to spawn DV Slot ID 7
[2022/5/16 - 14:18:58] Vehicle ID 285 spawned for DV Slot 7
[2022/5/16 - 14:18:58] Attempting to spawn DV Slot ID 8
[2022/5/16 - 14:18:58] Attempting to spawn DV Slot ID 9
[2022/5/16 - 14:18:58] Attempting to spawn DV Slot ID 10
[2022/5/16 - 14:18:58] Vehicle ID 286 spawned for DV Slot 10
[2022/5/16 - 14:18:58] Attempting to spawn DV Slot ID 11
[2022/5/16 - 14:18:58] Vehicle ID 287 spawned for DV Slot 11
[2022/5/16 - 14:18:58] Attempting to spawn DV Slot ID 12
[2022/5/16 - 14:18:58] Vehicle ID 288 spawned for DV Slot 12
[2022/5/16 - 14:18:58] Attempting to spawn DV Slot ID 13
[2022/5/16 - 14:18:58] Attempting to spawn DV Slot ID 14
[2022/5/16 - 14:18:58] Vehicle ID 289 spawned for DV Slot 14
[2022/5/16 - 14:18:58] Attempting to spawn DV Slot ID 15
[2022/5/16 - 14:18:58] Attempting to spawn DV Slot ID 16
[2022/5/16 - 14:18:58] Attempting to spawn DV Slot ID 17
[2022/5/16 - 14:18:58] Attempting to spawn DV Slot ID 18
[2022/5/16 - 14:18:58] Attempting to spawn DV Slot ID 19
[2022/5/16 - 14:18:58] Attempting to spawn DV Slot ID 20
[2022/5/16 - 14:18:58] Vehicle ID 290 spawned for DV Slot 20
[2022/5/16 - 14:18:58] Attempting to spawn DV Slot ID 21
[2022/5/16 - 14:18:58] Vehicle ID 291 spawned for DV Slot 21
[2022/5/16 - 14:18:58] Attempting to spawn DV Slot ID 22
[2022/5/16 - 14:18:58] Attempting to spawn DV Slot ID 23
[2022/5/16 - 14:18:58] Attempting to spawn DV Slot ID 24
[2022/5/16 - 14:18:58] Vehicle ID 292 spawned for DV Slot 24
[2022/5/16 - 14:18:58] Attempting to spawn DV Slot ID 25
[2022/5/16 - 14:18:58] Vehicle ID 293 spawned for DV Slot 25
[2022/5/16 - 14:18:58] Attempting to spawn DV Slot ID 26
[2022/5/16 - 14:18:58] Vehicle ID 294 spawned for DV Slot 26
[2022/5/16 - 14:18:58] Attempting to spawn DV Slot ID 27
[2022/5/16 - 14:18:58] Attempting to spawn DV Slot ID 28
[2022/5/16 - 14:18:58] Attempting to spawn DV Slot ID 29
[2022/5/16 - 14:18:58] Vehicle ID 295 spawned for DV Slot 29
[2022/5/16 - 14:18:58] Attempting to spawn DV Slot ID 30
[2022/5/16 - 14:18:58] Vehicle ID 296 spawned for DV Slot 30
[2022/5/16 - 14:18:58] Attempting to spawn DV Slot ID 31
[2022/5/16 - 14:18:58] Attempting to spawn DV Slot ID 32
[2022/5/16 - 14:18:58] Attempting to spawn DV Slot ID 33
[2022/5/16 - 14:18:58] Attempting to spawn DV Slot ID 34
[2022/5/16 - 14:18:58] Attempting to spawn DV Slot ID 35
[2022/5/16 - 14:18:58] Attempting to spawn DV Slot ID 36
[2022/5/16 - 14:18:58] Attempting to spawn DV Slot ID 37
[2022/5/16 - 14:18:58] Attempting to spawn DV Slot ID 38
[2022/5/16 - 14:18:58] Attempting to spawn DV Slot ID 39
[2022/5/16 - 14:18:58] Attempting to spawn DV Slot ID 40
[2022/5/16 - 14:18:58] Attempting to spawn DV Slot ID 41
[2022/5/16 - 14:18:58] Attempting to spawn DV Slot ID 42
[2022/5/16 - 14:18:58] Attempting to spawn DV Slot ID 43
[2022/5/16 - 14:18:58] Attempting to spawn DV Slot ID 44
[2022/5/16 - 14:18:58] Attempting to spawn DV Slot ID 45
[2022/5/16 - 14:18:58] Attempting to spawn DV Slot ID 46
[2022/5/16 - 14:18:58] Attempting to spawn DV Slot ID 47
[2022/5/16 - 14:18:58] Attempting to spawn DV Slot ID 48
[2022/5/16 - 14:18:58] Attempting to spawn DV Slot ID 49
[2022/5/16 - 14:18:58] Vehicle ID 297 spawned for DV Slot 49
[2022/5/16 - 14:18:58] Attempting to spawn DV Slot ID 50
[2022/5/16 - 14:18:58] Attempting to spawn DV Slot ID 51
[2022/5/16 - 14:18:58] Attempting to spawn DV Slot ID 52
[2022/5/16 - 14:18:58] Attempting to spawn DV Slot ID 53
[2022/5/16 - 14:18:58] Attempting to spawn DV Slot ID 54
[2022/5/16 - 14:18:58] Attempting to spawn DV Slot ID 55
[2022/5/16 - 14:18:58] Attempting to spawn DV Slot ID 56
[2022/5/16 - 14:18:58] Vehicle ID 298 spawned for DV Slot 56
[2022/5/16 - 14:18:58] Attempting to spawn DV Slot ID 57
[2022/5/16 - 14:18:58] Attempting to spawn DV Slot ID 58
[2022/5/16 - 14:18:58] Attempting to spawn DV Slot ID 59
[2022/5/16 - 14:18:58] Attempting to spawn DV Slot ID 60
[2022/5/16 - 14:18:58] Attempting to spawn DV Slot ID 61
[2022/5/16 - 14:18:58] Attempting to spawn DV Slot ID 62
[2022/5/16 - 14:18:58] Attempting to spawn DV Slot ID 63
[2022/5/16 - 14:18:58] Attempting to spawn DV Slot ID 64
[2022/5/16 - 14:18:58] Attempting to spawn DV Slot ID 65
[2022/5/16 - 14:18:58] Attempting to spawn DV Slot ID 66
[2022/5/16 - 14:18:58] Attempting to spawn DV Slot ID 67
[2022/5/16 - 14:18:58] Vehicle ID 299 spawned for DV Slot 67
[2022/5/16 - 14:18:58] Attempting to spawn DV Slot ID 68
[2022/5/16 - 14:18:58] Vehicle ID 300 spawned for DV Slot 68
[2022/5/16 - 14:18:58] Attempting to spawn DV Slot ID 69
[2022/5/16 - 14:18:58] Vehicle ID 301 spawned for DV Slot 69
[2022/5/16 - 14:18:58] Attempting to spawn DV Slot ID 70
[2022/5/16 - 14:18:58] Attempting to spawn DV Slot ID 71
[2022/5/16 - 14:18:58] Attempting to spawn DV Slot ID 72
[2022/5/16 - 14:18:58] Attempting to spawn DV Slot ID 73
[2022/5/16 - 14:18:58] Vehicle ID 302 spawned for DV Slot 73
[2022/5/16 - 14:18:58] Attempting to spawn DV Slot ID 74
[2022/5/16 - 14:18:58] Attempting to spawn DV Slot ID 75
[2022/5/16 - 14:18:58] Attempting to spawn DV Slot ID 76
[2022/5/16 - 14:18:58] Vehicle ID 303 spawned for DV Slot 76
[2022/5/16 - 14:18:58] Attempting to spawn DV Slot ID 77
[2022/5/16 - 14:18:58] Vehicle ID 304 spawned for DV Slot 77
[2022/5/16 - 14:18:58] Attempting to spawn DV Slot ID 78
[2022/5/16 - 14:18:58] Vehicle ID 305 spawned for DV Slot 78
[2022/5/16 - 14:18:58] Attempting to spawn DV Slot ID 79
[2022/5/16 - 14:18:58] Vehicle ID 306 spawned for DV Slot 79
[2022/5/16 - 14:18:58] Attempting to spawn DV Slot ID 80
[2022/5/16 - 14:18:58] Vehicle ID 307 spawned for DV Slot 80
[2022/5/16 - 14:18:58] Attempting to spawn DV Slot ID 81
[2022/5/16 - 14:18:58] Attempting to spawn DV Slot ID 82
[2022/5/16 - 14:18:58] Attempting to spawn DV Slot ID 83
[2022/5/16 - 14:18:58] Attempting to spawn DV Slot ID 84
[2022/5/16 - 14:18:58] Attempting to spawn DV Slot ID 85
[2022/5/16 - 14:18:58] Attempting to spawn DV Slot ID 86
[2022/5/16 - 14:18:58] Attempting to spawn DV Slot ID 87
[2022/5/16 - 14:18:58] Attempting to spawn DV Slot ID 88
[2022/5/16 - 14:18:58] Attempting to spawn DV Slot ID 89
[2022/5/16 - 14:18:58] Attempting to spawn DV Slot ID 90
[2022/5/16 - 14:18:58] Attempting to spawn DV Slot ID 91
[2022/5/16 - 14:18:58] Vehicle ID 308 spawned for DV Slot 91
[2022/5/16 - 14:18:58] Attempting to spawn DV Slot ID 92
[2022/5/16 - 14:18:58] Vehicle ID 309 spawned for DV Slot 92
[2022/5/16 - 14:18:58] Attempting to spawn DV Slot ID 93
[2022/5/16 - 14:18:58] Attempting to spawn DV Slot ID 94
[2022/5/16 - 14:18:58] Attempting to spawn DV Slot ID 95
[2022/5/16 - 14:18:58] Attempting to spawn DV Slot ID 96
[2022/5/16 - 14:18:58] Attempting to spawn DV Slot ID 97
[2022/5/16 - 14:18:58] Attempting to spawn DV Slot ID 98
[2022/5/16 - 14:18:58] Attempting to spawn DV Slot ID 99
[2022/5/16 - 14:18:58] Vehicle ID 310 spawned for DV Slot 99
[2022/5/16 - 14:18:58] Attempting to spawn DV Slot ID 100
[2022/5/16 - 14:18:58] Vehicle ID 311 spawned for DV Slot 100
[2022/5/16 - 14:18:58] Attempting to spawn DV Slot ID 101
[2022/5/16 - 14:18:58] Vehicle ID 312 spawned for DV Slot 101
[2022/5/16 - 14:18:58] Attempting to spawn DV Slot ID 102
[2022/5/16 - 14:18:58] Vehicle ID 313 spawned for DV Slot 102
[2022/5/16 - 14:18:58] Attempting to spawn DV Slot ID 103
[2022/5/16 - 14:18:58] Vehicle ID 314 spawned for DV Slot 103
[2022/5/16 - 14:18:58] Attempting to spawn DV Slot ID 104
[2022/5/16 - 14:18:58] Attempting to spawn DV Slot ID 105
[2022/5/16 - 14:18:58] Attempting to spawn DV Slot ID 106
[2022/5/16 - 14:18:58] Attempting to spawn DV Slot ID 107
[2022/5/16 - 14:18:58] Vehicle ID 315 spawned for DV Slot 107
[2022/5/16 - 14:18:58] Attempting to spawn DV Slot ID 108
[2022/5/16 - 14:18:59] Attempting to spawn DV Slot ID 109
[2022/5/16 - 14:18:59] Attempting to spawn DV Slot ID 110
[2022/5/16 - 14:18:59] Vehicle ID 316 spawned for DV Slot 110
[2022/5/16 - 14:18:59] Attempting to spawn DV Slot ID 111
[2022/5/16 - 14:18:59] Vehicle ID 317 spawned for DV Slot 111
[2022/5/16 - 14:18:59] Attempting to spawn DV Slot ID 112
[2022/5/16 - 14:18:59] Vehicle ID 318 spawned for DV Slot 112
[2022/5/16 - 14:18:59] Attempting to spawn DV Slot ID 113
[2022/5/16 - 14:18:59] Vehicle ID 319 spawned for DV Slot 113
[2022/5/16 - 14:18:59] Attempting to spawn DV Slot ID 114
[2022/5/16 - 14:18:59] Vehicle ID 320 spawned for DV Slot 114
[2022/5/16 - 14:18:59] Attempting to spawn DV Slot ID 115
[2022/5/16 - 14:18:59] Vehicle ID 321 spawned for DV Slot 115
[2022/5/16 - 14:18:59] Attempting to spawn DV Slot ID 116
[2022/5/16 - 14:18:59] Attempting to spawn DV Slot ID 117
[2022/5/16 - 14:18:59] Attempting to spawn DV Slot ID 118
[2022/5/16 - 14:18:59] Attempting to spawn DV Slot ID 119
[2022/5/16 - 14:18:59] Vehicle ID 322 spawned for DV Slot 119
[2022/5/16 - 14:18:59] Attempting to spawn DV Slot ID 120
[2022/5/16 - 14:18:59] Vehicle ID 323 spawned for DV Slot 120
[2022/5/16 - 14:18:59] Attempting to spawn DV Slot ID 121
[2022/5/16 - 14:18:59] Vehicle ID 324 spawned for DV Slot 121
[2022/5/16 - 14:18:59] Attempting to spawn DV Slot ID 122
[2022/5/16 - 14:18:59] Vehicle ID 325 spawned for DV Slot 122
[2022/5/16 - 14:18:59] Attempting to spawn DV Slot ID 123
[2022/5/16 - 14:18:59] Vehicle ID 326 spawned for DV Slot 123
[2022/5/16 - 14:18:59] Attempting to spawn DV Slot ID 124
[2022/5/16 - 14:18:59] Attempting to spawn DV Slot ID 125
[2022/5/16 - 14:18:59] Vehicle ID 327 spawned for DV Slot 125
[2022/5/16 - 14:18:59] Attempting to spawn DV Slot ID 126
[2022/5/16 - 14:18:59] Attempting to spawn DV Slot ID 127
[2022/5/16 - 14:18:59] Attempting to spawn DV Slot ID 128
[2022/5/16 - 14:18:59] Vehicle ID 328 spawned for DV Slot 128
[2022/5/16 - 14:18:59] Attempting to spawn DV Slot ID 129
[2022/5/16 - 14:18:59] Vehicle ID 329 spawned for DV Slot 129
[2022/5/16 - 14:18:59] Attempting to spawn DV Slot ID 130
[2022/5/16 - 14:18:59] Vehicle ID 330 spawned for DV Slot 130
[2022/5/16 - 14:18:59] Attempting to spawn DV Slot ID 131
[2022/5/16 - 14:18:59] Attempting to spawn DV Slot ID 132
[2022/5/16 - 14:18:59] Vehicle ID 331 spawned for DV Slot 132
[2022/5/16 - 14:18:59] Attempting to spawn DV Slot ID 133
[2022/5/16 - 14:18:59] Attempting to spawn DV Slot ID 134
[2022/5/16 - 14:18:59] Attempting to spawn DV Slot ID 135
[2022/5/16 - 14:18:59] Vehicle ID 332 spawned for DV Slot 135
[2022/5/16 - 14:18:59] Attempting to spawn DV Slot ID 136
[2022/5/16 - 14:18:59] Vehicle ID 333 spawned for DV Slot 136
[2022/5/16 - 14:18:59] Attempting to spawn DV Slot ID 137
[2022/5/16 - 14:18:59] Attempting to spawn DV Slot ID 138
[2022/5/16 - 14:18:59] Attempting to spawn DV Slot ID 139
[2022/5/16 - 14:18:59] Attempting to spawn DV Slot ID 140
[2022/5/16 - 14:18:59] Vehicle ID 334 spawned for DV Slot 140
[2022/5/16 - 14:18:59] Attempting to spawn DV Slot ID 141
[2022/5/16 - 14:18:59] Attempting to spawn DV Slot ID 142
[2022/5/16 - 14:18:59] Vehicle ID 335 spawned for DV Slot 142
[2022/5/16 - 14:18:59] Attempting to spawn DV Slot ID 143
[2022/5/16 - 14:18:59] Vehicle ID 336 spawned for DV Slot 143
[2022/5/16 - 14:18:59] Attempting to spawn DV Slot ID 144
[2022/5/16 - 14:18:59] Vehicle ID 337 spawned for DV Slot 144
[2022/5/16 - 14:18:59] Attempting to spawn DV Slot ID 145
[2022/5/16 - 14:18:59] Attempting to spawn DV Slot ID 146
[2022/5/16 - 14:18:59] Attempting to spawn DV Slot ID 147
[2022/5/16 - 14:18:59] Vehicle ID 338 spawned for DV Slot 147
[2022/5/16 - 14:18:59] Attempting to spawn DV Slot ID 148
[2022/5/16 - 14:18:59] Vehicle ID 339 spawned for DV Slot 148
[2022/5/16 - 14:18:59] Attempting to spawn DV Slot ID 149
[2022/5/16 - 14:18:59] Attempting to spawn DV Slot ID 150
[2022/5/16 - 14:18:59] Vehicle ID 340 spawned for DV Slot 150
[2022/5/16 - 14:18:59] Attempting to spawn DV Slot ID 151
[2022/5/16 - 14:18:59] Attempting to spawn DV Slot ID 152
[2022/5/16 - 14:18:59] Attempting to spawn DV Slot ID 153
[2022/5/16 - 14:18:59] Attempting to spawn DV Slot ID 154
[2022/5/16 - 14:18:59] Attempting to spawn DV Slot ID 155
[2022/5/16 - 14:18:59] Attempting to spawn DV Slot ID 156
[2022/5/16 - 14:18:59] Attempting to spawn DV Slot ID 157
[2022/5/16 - 14:18:59] Attempting to spawn DV Slot ID 158
[2022/5/16 - 14:18:59] Attempting to spawn DV Slot ID 159
[2022/5/16 - 14:18:59] Attempting to spawn DV Slot ID 160
[2022/5/16 - 14:18:59] Vehicle ID 341 spawned for DV Slot 160
[2022/5/16 - 14:18:59] Attempting to spawn DV Slot ID 161
[2022/5/16 - 14:18:59] Attempting to spawn DV Slot ID 162
[2022/5/16 - 14:18:59] Attempting to spawn DV Slot ID 163
[2022/5/16 - 14:18:59] Vehicle ID 342 spawned for DV Slot 163
[2022/5/16 - 14:18:59] Attempting to spawn DV Slot ID 164
[2022/5/16 - 14:18:59] Vehicle ID 343 spawned for DV Slot 164
[2022/5/16 - 14:18:59] Attempting to spawn DV Slot ID 165
[2022/5/16 - 14:18:59] Vehicle ID 344 spawned for DV Slot 165
[2022/5/16 - 14:18:59] Attempting to spawn DV Slot ID 166
[2022/5/16 - 14:18:59] Attempting to spawn DV Slot ID 167
[2022/5/16 - 14:18:59] Attempting to spawn DV Slot ID 168
[2022/5/16 - 14:18:59] Attempting to spawn DV Slot ID 169
[2022/5/16 - 14:18:59] Attempting to spawn DV Slot ID 170
[2022/5/16 - 14:18:59] Attempting to spawn DV Slot ID 171
[2022/5/16 - 14:18:59] Vehicle ID 345 spawned for DV Slot 171
[2022/5/16 - 14:18:59] Attempting to spawn DV Slot ID 172
[2022/5/16 - 14:18:59] Vehicle ID 346 spawned for DV Slot 172
[2022/5/16 - 14:18:59] Attempting to spawn DV Slot ID 173
[2022/5/16 - 14:18:59] Vehicle ID 347 spawned for DV Slot 173
[2022/5/16 - 14:18:59] Attempting to spawn DV Slot ID 174
[2022/5/16 - 14:18:59] Attempting to spawn DV Slot ID 175
[2022/5/16 - 14:18:59] Vehicle ID 348 spawned for DV Slot 175
[2022/5/16 - 14:18:59] Attempting to spawn DV Slot ID 176
[2022/5/16 - 14:18:59] Attempting to spawn DV Slot ID 177
[2022/5/16 - 14:18:59] Vehicle ID 349 spawned for DV Slot 177
[2022/5/16 - 14:18:59] Attempting to spawn DV Slot ID 178
[2022/5/16 - 14:18:59] Vehicle ID 350 spawned for DV Slot 178
[2022/5/16 - 14:18:59] Attempting to spawn DV Slot ID 179
[2022/5/16 - 14:18:59] Vehicle ID 351 spawned for DV Slot 179
[2022/5/16 - 14:18:59] Attempting to spawn DV Slot ID 180
[2022/5/16 - 14:18:59] Vehicle ID 352 spawned for DV Slot 180
[2022/5/16 - 14:18:59] Attempting to spawn DV Slot ID 181
[2022/5/16 - 14:18:59] Vehicle ID 353 spawned for DV Slot 181
[2022/5/16 - 14:18:59] Attempting to spawn DV Slot ID 182
[2022/5/16 - 14:18:59] Vehicle ID 354 spawned for DV Slot 182
[2022/5/16 - 14:18:59] Attempting to spawn DV Slot ID 183
[2022/5/16 - 14:18:59] Attempting to spawn DV Slot ID 184
[2022/5/16 - 14:18:59] Vehicle ID 355 spawned for DV Slot 184
[2022/5/16 - 14:18:59] Attempting to spawn DV Slot ID 185
[2022/5/16 - 14:18:59] Attempting to spawn DV Slot ID 186
[2022/5/16 - 14:18:59] Vehicle ID 356 spawned for DV Slot 186
[2022/5/16 - 14:18:59] Attempting to spawn DV Slot ID 187
[2022/5/16 - 14:18:59] Vehicle ID 357 spawned for DV Slot 187
[2022/5/16 - 14:18:59] Attempting to spawn DV Slot ID 188
[2022/5/16 - 14:18:59] Attempting to spawn DV Slot ID 189
[2022/5/16 - 14:18:59] Attempting to spawn DV Slot ID 190
[2022/5/16 - 14:18:59] Vehicle ID 358 spawned for DV Slot 190
[2022/5/16 - 14:18:59] Attempting to spawn DV Slot ID 191
[2022/5/16 - 14:18:59] Attempting to spawn DV Slot ID 192
[2022/5/16 - 14:18:59] Vehicle ID 359 spawned for DV Slot 192
[2022/5/16 - 14:18:59] Attempting to spawn DV Slot ID 193
[2022/5/16 - 14:18:59] Vehicle ID 360 spawned for DV Slot 193
[2022/5/16 - 14:18:59] Attempting to spawn DV Slot ID 194
[2022/5/16 - 14:18:59] Vehicle ID 361 spawned for DV Slot 194
[2022/5/16 - 14:18:59] Attempting to spawn DV Slot ID 195
[2022/5/16 - 14:18:59] Vehicle ID 362 spawned for DV Slot 195
[2022/5/16 - 14:18:59] Attempting to spawn DV Slot ID 196
[2022/5/16 - 14:18:59] Attempting to spawn DV Slot ID 197
[2022/5/16 - 14:18:59] Attempting to spawn DV Slot ID 198
[2022/5/16 - 14:18:59] Vehicle ID 363 spawned for DV Slot 198
[2022/5/16 - 14:18:59] Attempting to spawn DV Slot ID 199
[2022/5/16 - 14:18:59] Vehicle ID 364 spawned for DV Slot 199
[2022/5/16 - 14:18:59] Attempting to spawn DV Slot ID 200
[2022/5/16 - 14:18:59] Attempting to spawn DV Slot ID 201
[2022/5/16 - 14:18:59] Vehicle ID 365 spawned for DV Slot 201
[2022/5/16 - 14:18:59] Attempting to spawn DV Slot ID 202
[2022/5/16 - 14:18:59] Attempting to spawn DV Slot ID 203
[2022/5/16 - 14:18:59] Attempting to spawn DV Slot ID 204
[2022/5/16 - 14:18:59] Attempting to spawn DV Slot ID 205
[2022/5/16 - 14:18:59] Vehicle ID 366 spawned for DV Slot 205
[2022/5/16 - 14:18:59] Attempting to spawn DV Slot ID 206
[2022/5/16 - 14:18:59] Attempting to spawn DV Slot ID 207
[2022/5/16 - 14:18:59] Vehicle ID 367 spawned for DV Slot 207
[2022/5/16 - 14:18:59] Attempting to spawn DV Slot ID 208
[2022/5/16 - 14:18:59] Attempting to spawn DV Slot ID 209
[2022/5/16 - 14:18:59] Attempting to spawn DV Slot ID 210
[2022/5/16 - 14:18:59] Attempting to spawn DV Slot ID 211
[2022/5/16 - 14:18:59] Attempting to spawn DV Slot ID 212
[2022/5/16 - 14:18:59] Vehicle ID 368 spawned for DV Slot 212
[2022/5/16 - 14:18:59] Attempting to spawn DV Slot ID 213
[2022/5/16 - 14:18:59] Attempting to spawn DV Slot ID 214
[2022/5/16 - 14:18:59] Attempting to spawn DV Slot ID 215
[2022/5/16 - 14:18:59] Attempting to spawn DV Slot ID 216
[2022/5/16 - 14:18:59] Vehicle ID 369 spawned for DV Slot 216
[2022/5/16 - 14:18:59] Attempting to spawn DV Slot ID 218
[2022/5/16 - 14:18:59] Vehicle ID 370 spawned for DV Slot 218
[2022/5/16 - 14:18:59] Attempting to spawn DV Slot ID 220
[2022/5/16 - 14:18:59] Invalid Vehicle Model ID for DV Slot 220
[2022/5/16 - 14:18:59] Attempting to spawn DV Slot ID 221
[2022/5/16 - 14:18:59] Attempting to spawn DV Slot ID 222
[2022/5/16 - 14:18:59] Attempting to spawn DV Slot ID 223
[2022/5/16 - 14:18:59] Attempting to spawn DV Slot ID 224
[2022/5/16 - 14:18:59] Attempting to spawn DV Slot ID 226
[2022/5/16 - 14:18:59] Attempting to spawn DV Slot ID 227
[2022/5/16 - 14:18:59] Attempting to spawn DV Slot ID 228
[2022/5/16 - 14:18:59] Vehicle ID 371 spawned for DV Slot 228
[2022/5/16 - 14:18:59] Attempting to spawn DV Slot ID 229
[2022/5/16 - 14:18:59] Vehicle ID 372 spawned for DV Slot 229
[2022/5/16 - 14:18:59] Attempting to spawn DV Slot ID 230
[2022/5/16 - 14:18:59] Attempting to spawn DV Slot ID 232
[2022/5/16 - 14:18:59] Attempting to spawn DV Slot ID 236
[2022/5/16 - 14:18:59] Attempting to spawn DV Slot ID 237
[2022/5/16 - 14:18:59] Vehicle ID 373 spawned for DV Slot 237
[2022/5/16 - 14:18:59] Attempting to spawn DV Slot ID 238
[2022/5/16 - 14:18:59] Attempting to spawn DV Slot ID 239
[2022/5/16 - 14:18:59] Vehicle ID 374 spawned for DV Slot 239
[2022/5/16 - 14:18:59] Attempting to spawn DV Slot ID 240
[2022/5/16 - 14:18:59] Vehicle ID 375 spawned for DV Slot 240
[2022/5/16 - 14:18:59] Attempting to spawn DV Slot ID 241
[2022/5/16 - 14:18:59] Vehicle ID 376 spawned for DV Slot 241
[2022/5/16 - 14:18:59] Attempting to spawn DV Slot ID 242
[2022/5/16 - 14:18:59] Vehicle ID 377 spawned for DV Slot 242
[2022/5/16 - 14:18:59] Attempting to spawn DV Slot ID 243
[2022/5/16 - 14:18:59] Vehicle ID 378 spawned for DV Slot 243
[2022/5/16 - 14:18:59] Attempting to spawn DV Slot ID 244
[2022/5/16 - 14:18:59] Vehicle ID 379 spawned for DV Slot 244
[2022/5/16 - 14:18:59] Attempting to spawn DV Slot ID 245
[2022/5/16 - 14:18:59] Vehicle ID 380 spawned for DV Slot 245
[2022/5/16 - 14:18:59] Attempting to spawn DV Slot ID 246
[2022/5/16 - 14:18:59] Vehicle ID 381 spawned for DV Slot 246
[2022/5/16 - 14:18:59] Attempting to spawn DV Slot ID 247
[2022/5/16 - 14:18:59] Vehicle ID 382 spawned for DV Slot 247
[2022/5/16 - 14:18:59] Attempting to spawn DV Slot ID 248
[2022/5/16 - 14:18:59] Vehicle ID 383 spawned for DV Slot 248
[2022/5/16 - 14:18:59] Attempting to spawn DV Slot ID 249
[2022/5/16 - 14:18:59] Vehicle ID 384 spawned for DV Slot 249
[2022/5/16 - 14:18:59] Attempting to spawn DV Slot ID 250
[2022/5/16 - 14:18:59] Vehicle ID 385 spawned for DV Slot 250
[2022/5/16 - 14:18:59] Attempting to spawn DV Slot ID 251
[2022/5/16 - 14:18:59] Vehicle ID 386 spawned for DV Slot 251
[2022/5/16 - 14:18:59] Attempting to spawn DV Slot ID 252
[2022/5/16 - 14:18:59] Vehicle ID 387 spawned for DV Slot 252
[2022/5/16 - 14:18:59] Attempting to spawn DV Slot ID 253
[2022/5/16 - 14:18:59] Vehicle ID 388 spawned for DV Slot 253
[2022/5/16 - 14:18:59] Attempting to spawn DV Slot ID 254
[2022/5/16 - 14:18:59] Vehicle ID 389 spawned for DV Slot 254
[2022/5/16 - 14:18:59] Attempting to spawn DV Slot ID 256
[2022/5/16 - 14:18:59] Attempting to spawn DV Slot ID 257
[2022/5/16 - 14:18:59] Vehicle ID 390 spawned for DV Slot 257
[2022/5/16 - 14:18:59] Attempting to spawn DV Slot ID 258
[2022/5/16 - 14:18:59] Vehicle ID 391 spawned for DV Slot 258
[2022/5/16 - 14:18:59] Attempting to spawn DV Slot ID 259
[2022/5/16 - 14:18:59] Vehicle ID 392 spawned for DV Slot 259
[2022/5/16 - 14:18:59] Attempting to spawn DV Slot ID 260
[2022/5/16 - 14:18:59] Vehicle ID 393 spawned for DV Slot 260
[2022/5/16 - 14:18:59] Attempting to spawn DV Slot ID 261
[2022/5/16 - 14:18:59] Vehicle ID 394 spawned for DV Slot 261
[2022/5/16 - 14:18:59] Attempting to spawn DV Slot ID 262
[2022/5/16 - 14:18:59] Vehicle ID 395 spawned for DV Slot 262
[2022/5/16 - 14:18:59] Attempting to spawn DV Slot ID 263
[2022/5/16 - 14:18:59] Vehicle ID 396 spawned for DV Slot 263
[2022/5/16 - 14:18:59] Attempting to spawn DV Slot ID 264
[2022/5/16 - 14:18:59] Vehicle ID 397 spawned for DV Slot 264
[2022/5/16 - 14:18:59] Attempting to spawn DV Slot ID 265
[2022/5/16 - 14:18:59] Vehicle ID 398 spawned for DV Slot 265
[2022/5/16 - 14:18:59] Attempting to spawn DV Slot ID 266
[2022/5/16 - 14:18:59] Vehicle ID 399 spawned for DV Slot 266
[2022/5/16 - 14:18:59] Attempting to spawn DV Slot ID 267
[2022/5/16 - 14:18:59] Vehicle ID 400 spawned for DV Slot 267
[2022/5/16 - 14:18:59] Attempting to spawn DV Slot ID 268
[2022/5/16 - 14:18:59] Vehicle ID 401 spawned for DV Slot 268
[2022/5/16 - 14:18:59] Attempting to spawn DV Slot ID 269
[2022/5/16 - 14:18:59] Attempting to spawn DV Slot ID 270
[2022/5/16 - 14:18:59] Vehicle ID 402 spawned for DV Slot 270
[2022/5/16 - 14:18:59] Attempting to spawn DV Slot ID 271
[2022/5/16 - 14:18:59] Attempting to spawn DV Slot ID 272
[2022/5/16 - 14:18:59] Attempting to spawn DV Slot ID 273
[2022/5/16 - 14:18:59] Attempting to spawn DV Slot ID 274
[2022/5/16 - 14:18:59] Attempting to spawn DV Slot ID 275
[2022/5/16 - 14:18:59] Attempting to spawn DV Slot ID 276
[2022/5/16 - 14:18:59] Attempting to spawn DV Slot ID 277
[2022/5/16 - 14:18:59] Attempting to spawn DV Slot ID 278
[2022/5/16 - 14:18:59] Attempting to spawn DV Slot ID 279
[2022/5/16 - 14:18:59] Attempting to spawn DV Slot ID 280
[2022/5/16 - 14:18:59] Attempting to spawn DV Slot ID 281
[2022/5/16 - 14:18:59] Attempting to spawn DV Slot ID 282
[2022/5/16 - 14:18:59] Attempting to spawn DV Slot ID 283
[2022/5/16 - 14:18:59] Vehicle ID 403 spawned for DV Slot 283
[2022/5/16 - 14:18:59] Attempting to spawn DV Slot ID 284
[2022/5/16 - 14:18:59] Vehicle ID 404 spawned for DV Slot 284
[2022/5/16 - 14:18:59] Attempting to spawn DV Slot ID 285
[2022/5/16 - 14:18:59] Attempting to spawn DV Slot ID 286
[2022/5/16 - 14:18:59] Attempting to spawn DV Slot ID 287
[2022/5/16 - 14:18:59] Attempting to spawn DV Slot ID 288
[2022/5/16 - 14:18:59] Attempting to spawn DV Slot ID 289
[2022/5/16 - 14:18:59] Attempting to spawn DV Slot ID 290
[2022/5/16 - 14:18:59] Attempting to spawn DV Slot ID 291
[2022/5/16 - 14:18:59] Vehicle ID 405 spawned for DV Slot 291
[2022/5/16 - 14:18:59] Attempting to spawn DV Slot ID 292
[2022/5/16 - 14:18:59] Attempting to spawn DV Slot ID 293
[2022/5/16 - 14:18:59] Attempting to spawn DV Slot ID 294
[2022/5/16 - 14:18:59] Attempting to spawn DV Slot ID 295
[2022/5/16 - 14:18:59] Vehicle ID 406 spawned for DV Slot 295
[2022/5/16 - 14:18:59] Attempting to spawn DV Slot ID 296
[2022/5/16 - 14:18:59] Vehicle ID 407 spawned for DV Slot 296
[2022/5/16 - 14:18:59] Attempting to spawn DV Slot ID 297
[2022/5/16 - 14:18:59] Vehicle ID 408 spawned for DV Slot 297
[2022/5/16 - 14:18:59] Attempting to spawn DV Slot ID 298
[2022/5/16 - 14:18:59] Vehicle ID 409 spawned for DV Slot 298
[2022/5/16 - 14:18:59] Attempting to spawn DV Slot ID 299
[2022/5/16 - 14:18:59] Vehicle ID 410 spawned for DV Slot 299
[2022/5/16 - 14:18:59] Attempting to spawn DV Slot ID 300
[2022/5/16 - 14:18:59] Vehicle ID 411 spawned for DV Slot 300
[2022/5/16 - 14:18:59] Attempting to spawn DV Slot ID 301
[2022/5/16 - 14:18:59] Vehicle ID 412 spawned for DV Slot 301
[2022/5/16 - 14:18:59] Attempting to spawn DV Slot ID 302
[2022/5/16 - 14:18:59] Attempting to spawn DV Slot ID 303
[2022/5/16 - 14:18:59] Attempting to spawn DV Slot ID 304
[2022/5/16 - 14:18:59] Attempting to spawn DV Slot ID 305
[2022/5/16 - 14:18:59] Attempting to spawn DV Slot ID 306
[2022/5/16 - 14:18:59] Vehicle ID 413 spawned for DV Slot 306
[2022/5/16 - 14:18:59] Attempting to spawn DV Slot ID 307
[2022/5/16 - 14:18:59] Attempting to spawn DV Slot ID 308
[2022/5/16 - 14:18:59] Attempting to spawn DV Slot ID 309
[2022/5/16 - 14:18:59] Vehicle ID 414 spawned for DV Slot 309
[2022/5/16 - 14:18:59] Attempting to spawn DV Slot ID 310
[2022/5/16 - 14:18:59] Vehicle ID 415 spawned for DV Slot 310
[2022/5/16 - 14:18:59] Attempting to spawn DV Slot ID 311
[2022/5/16 - 14:18:59] Vehicle ID 416 spawned for DV Slot 311
[2022/5/16 - 14:18:59] Attempting to spawn DV Slot ID 312
[2022/5/16 - 14:18:59] Vehicle ID 417 spawned for DV Slot 312
[2022/5/16 - 14:18:59] Attempting to spawn DV Slot ID 313
[2022/5/16 - 14:18:59] Vehicle ID 418 spawned for DV Slot 313
[2022/5/16 - 14:18:59] Attempting to spawn DV Slot ID 314
[2022/5/16 - 14:18:59] Vehicle ID 419 spawned for DV Slot 314
[2022/5/16 - 14:18:59] Attempting to spawn DV Slot ID 315
[2022/5/16 - 14:18:59] Attempting to spawn DV Slot ID 316
[2022/5/16 - 14:18:59] Attempting to spawn DV Slot ID 317
[2022/5/16 - 14:18:59] Vehicle ID 420 spawned for DV Slot 317
[2022/5/16 - 14:18:59] Attempting to spawn DV Slot ID 318
[2022/5/16 - 14:18:59] Vehicle ID 421 spawned for DV Slot 318
[2022/5/16 - 14:18:59] Attempting to spawn DV Slot ID 319
[2022/5/16 - 14:18:59] Vehicle ID 422 spawned for DV Slot 319
[2022/5/16 - 14:18:59] Attempting to spawn DV Slot ID 320
[2022/5/16 - 14:18:59] Vehicle ID 423 spawned for DV Slot 320
[2022/5/16 - 14:18:59] Attempting to spawn DV Slot ID 321
[2022/5/16 - 14:18:59] Vehicle ID 424 spawned for DV Slot 321
[2022/5/16 - 14:18:59] Attempting to spawn DV Slot ID 322
[2022/5/16 - 14:18:59] Invalid Vehicle Model ID for DV Slot 322
[2022/5/16 - 14:18:59] Attempting to spawn DV Slot ID 323
[2022/5/16 - 14:18:59] Vehicle ID 425 spawned for DV Slot 323
[2022/5/16 - 14:18:59] Attempting to spawn DV Slot ID 324
[2022/5/16 - 14:18:59] Vehicle ID 426 spawned for DV Slot 324
[2022/5/16 - 14:18:59] Attempting to spawn DV Slot ID 325
[2022/5/16 - 14:18:59] Vehicle ID 427 spawned for DV Slot 325
[2022/5/16 - 14:18:59] Attempting to spawn DV Slot ID 326
[2022/5/16 - 14:18:59] Vehicle ID 428 spawned for DV Slot 326
[2022/5/16 - 14:18:59] Attempting to spawn DV Slot ID 327
[2022/5/16 - 14:18:59] Vehicle ID 429 spawned for DV Slot 327
[2022/5/16 - 14:18:59] Attempting to spawn DV Slot ID 328
[2022/5/16 - 14:18:59] Attempting to spawn DV Slot ID 329
[2022/5/16 - 14:18:59] Attempting to spawn DV Slot ID 330
[2022/5/16 - 14:18:59] Vehicle ID 430 spawned for DV Slot 330
[2022/5/16 - 14:18:59] Attempting to spawn DV Slot ID 331
[2022/5/16 - 14:18:59] Vehicle ID 431 spawned for DV Slot 331
[2022/5/16 - 14:18:59] Attempting to spawn DV Slot ID 332
[2022/5/16 - 14:18:59] Vehicle ID 432 spawned for DV Slot 332
[2022/5/16 - 14:18:59] Attempting to spawn DV Slot ID 333
[2022/5/16 - 14:18:59] Vehicle ID 433 spawned for DV Slot 333
[2022/5/16 - 14:18:59] Attempting to spawn DV Slot ID 334
[2022/5/16 - 14:18:59] Vehicle ID 434 spawned for DV Slot 334
[2022/5/16 - 14:18:59] Attempting to spawn DV Slot ID 335
[2022/5/16 - 14:18:59] Vehicle ID 435 spawned for DV Slot 335
[2022/5/16 - 14:18:59] Attempting to spawn DV Slot ID 336
[2022/5/16 - 14:18:59] Vehicle ID 436 spawned for DV Slot 336
[2022/5/16 - 14:18:59] Attempting to spawn DV Slot ID 337
[2022/5/16 - 14:18:59] Vehicle ID 437 spawned for DV Slot 337
[2022/5/16 - 14:18:59] Attempting to spawn DV Slot ID 338
[2022/5/16 - 14:18:59] Vehicle ID 438 spawned for DV Slot 338
[2022/5/16 - 14:18:59] Attempting to spawn DV Slot ID 339
[2022/5/16 - 14:18:59] Vehicle ID 439 spawned for DV Slot 339
[2022/5/16 - 14:18:59] Attempting to spawn DV Slot ID 340
[2022/5/16 - 14:18:59] Vehicle ID 440 spawned for DV Slot 340
[2022/5/16 - 14:18:59] Attempting to spawn DV Slot ID 341
[2022/5/16 - 14:18:59] Vehicle ID 441 spawned for DV Slot 341
[2022/5/16 - 14:18:59] Attempting to spawn DV Slot ID 342
[2022/5/16 - 14:18:59] Vehicle ID 442 spawned for DV Slot 342
[2022/5/16 - 14:18:59] Attempting to spawn DV Slot ID 343
[2022/5/16 - 14:18:59] Vehicle ID 443 spawned for DV Slot 343
[2022/5/16 - 14:18:59] Attempting to spawn DV Slot ID 344
[2022/5/16 - 14:18:59] Vehicle ID 444 spawned for DV Slot 344
[2022/5/16 - 14:18:59] Attempting to spawn DV Slot ID 345
[2022/5/16 - 14:18:59] Vehicle ID 445 spawned for DV Slot 345
[2022/5/16 - 14:18:59] Attempting to spawn DV Slot ID 346
[2022/5/16 - 14:18:59] Vehicle ID 446 spawned for DV Slot 346
[2022/5/16 - 14:18:59] Attempting to spawn DV Slot ID 347
[2022/5/16 - 14:18:59] Vehicle ID 447 spawned for DV Slot 347
[2022/5/16 - 14:18:59] Attempting to spawn DV Slot ID 348
[2022/5/16 - 14:18:59] Vehicle ID 448 spawned for DV Slot 348
[2022/5/16 - 14:18:59] Attempting to spawn DV Slot ID 349
[2022/5/16 - 14:18:59] Vehicle ID 449 spawned for DV Slot 349
[2022/5/16 - 14:18:59] Attempting to spawn DV Slot ID 350
[2022/5/16 - 14:18:59] Vehicle ID 450 spawned for DV Slot 350
[2022/5/16 - 14:18:59] Attempting to spawn DV Slot ID 351
[2022/5/16 - 14:18:59] Vehicle ID 451 spawned for DV Slot 351
[2022/5/16 - 14:18:59] Attempting to spawn DV Slot ID 352
[2022/5/16 - 14:18:59] Vehicle ID 452 spawned for DV Slot 352
[2022/5/16 - 14:18:59] Attempting to spawn DV Slot ID 353
[2022/5/16 - 14:18:59] Vehicle ID 453 spawned for DV Slot 353
[2022/5/16 - 14:18:59] Attempting to spawn DV Slot ID 354
[2022/5/16 - 14:18:59] Vehicle ID 454 spawned for DV Slot 354
[2022/5/16 - 14:18:59] Attempting to spawn DV Slot ID 355
[2022/5/16 - 14:18:59] Vehicle ID 455 spawned for DV Slot 355
[2022/5/16 - 14:18:59] Attempting to spawn DV Slot ID 356
[2022/5/16 - 14:18:59] Vehicle ID 456 spawned for DV Slot 356
[2022/5/16 - 14:18:59] Attempting to spawn DV Slot ID 357
[2022/5/16 - 14:18:59] Vehicle ID 457 spawned for DV Slot 357
[2022/5/16 - 14:18:59] Attempting to spawn DV Slot ID 358
[2022/5/16 - 14:18:59] Vehicle ID 458 spawned for DV Slot 358
[2022/5/16 - 14:18:59] Attempting to spawn DV Slot ID 359
[2022/5/16 - 14:18:59] Vehicle ID 459 spawned for DV Slot 359
[2022/5/16 - 14:18:59] Attempting to spawn DV Slot ID 360
[2022/5/16 - 14:18:59] Vehicle ID 460 spawned for DV Slot 360
[2022/5/16 - 14:18:59] Attempting to spawn DV Slot ID 361
[2022/5/16 - 14:18:59] Vehicle ID 461 spawned for DV Slot 361
[2022/5/16 - 14:18:59] Attempting to spawn DV Slot ID 362
[2022/5/16 - 14:18:59] Vehicle ID 462 spawned for DV Slot 362
[2022/5/16 - 14:18:59] Attempting to spawn DV Slot ID 363
[2022/5/16 - 14:18:59] Vehicle ID 463 spawned for DV Slot 363
[2022/5/16 - 14:18:59] Attempting to spawn DV Slot ID 364
[2022/5/16 - 14:18:59] Vehicle ID 464 spawned for DV Slot 364
[2022/5/16 - 14:18:59] Attempting to spawn DV Slot ID 365
[2022/5/16 - 14:18:59] Vehicle ID 465 spawned for DV Slot 365
[2022/5/16 - 14:18:59] Attempting to spawn DV Slot ID 366
[2022/5/16 - 14:18:59] Vehicle ID 466 spawned for DV Slot 366
[2022/5/16 - 14:19:40] Attempting to spawn DV Slot ID 0
[2022/5/16 - 14:19:40] Destroying Vehicle ID 0 for DV Slot 0
[2022/5/16 - 14:19:40] Invalid Vehicle Model ID for DV Slot 0
[2022/5/16 - 14:19:40] Attempting to spawn DV Slot ID 1
[2022/5/16 - 14:19:40] Vehicle ID 281 spawned for DV Slot 1
[2022/5/16 - 14:19:40] Attempting to spawn DV Slot ID 2
[2022/5/16 - 14:19:40] Attempting to spawn DV Slot ID 3
[2022/5/16 - 14:19:40] Vehicle ID 282 spawned for DV Slot 3
[2022/5/16 - 14:19:40] Attempting to spawn DV Slot ID 4
[2022/5/16 - 14:19:40] Attempting to spawn DV Slot ID 5
[2022/5/16 - 14:19:40] Vehicle ID 283 spawned for DV Slot 5
[2022/5/16 - 14:19:40] Attempting to spawn DV Slot ID 6
[2022/5/16 - 14:19:40] Vehicle ID 284 spawned for DV Slot 6
[2022/5/16 - 14:19:40] Attempting to spawn DV Slot ID 7
[2022/5/16 - 14:19:40] Vehicle ID 285 spawned for DV Slot 7
[2022/5/16 - 14:19:40] Attempting to spawn DV Slot ID 8
[2022/5/16 - 14:19:40] Attempting to spawn DV Slot ID 9
[2022/5/16 - 14:19:40] Attempting to spawn DV Slot ID 10
[2022/5/16 - 14:19:40] Vehicle ID 286 spawned for DV Slot 10
[2022/5/16 - 14:19:40] Attempting to spawn DV Slot ID 11
[2022/5/16 - 14:19:40] Vehicle ID 287 spawned for DV Slot 11
[2022/5/16 - 14:19:40] Attempting to spawn DV Slot ID 12
[2022/5/16 - 14:19:40] Vehicle ID 288 spawned for DV Slot 12
[2022/5/16 - 14:19:40] Attempting to spawn DV Slot ID 13
[2022/5/16 - 14:19:40] Attempting to spawn DV Slot ID 14
[2022/5/16 - 14:19:40] Vehicle ID 289 spawned for DV Slot 14
[2022/5/16 - 14:19:40] Attempting to spawn DV Slot ID 15
[2022/5/16 - 14:19:40] Attempting to spawn DV Slot ID 16
[2022/5/16 - 14:19:40] Attempting to spawn DV Slot ID 17
[2022/5/16 - 14:19:40] Attempting to spawn DV Slot ID 18
[2022/5/16 - 14:19:40] Attempting to spawn DV Slot ID 19
[2022/5/16 - 14:19:40] Attempting to spawn DV Slot ID 20
[2022/5/16 - 14:19:40] Vehicle ID 290 spawned for DV Slot 20
[2022/5/16 - 14:19:40] Attempting to spawn DV Slot ID 21
[2022/5/16 - 14:19:40] Vehicle ID 291 spawned for DV Slot 21
[2022/5/16 - 14:19:40] Attempting to spawn DV Slot ID 22
[2022/5/16 - 14:19:40] Attempting to spawn DV Slot ID 23
[2022/5/16 - 14:19:40] Attempting to spawn DV Slot ID 24
[2022/5/16 - 14:19:40] Vehicle ID 292 spawned for DV Slot 24
[2022/5/16 - 14:19:40] Attempting to spawn DV Slot ID 25
[2022/5/16 - 14:19:40] Vehicle ID 293 spawned for DV Slot 25
[2022/5/16 - 14:19:40] Attempting to spawn DV Slot ID 26
[2022/5/16 - 14:19:40] Vehicle ID 294 spawned for DV Slot 26
[2022/5/16 - 14:19:40] Attempting to spawn DV Slot ID 27
[2022/5/16 - 14:19:40] Attempting to spawn DV Slot ID 28
[2022/5/16 - 14:19:40] Attempting to spawn DV Slot ID 29
[2022/5/16 - 14:19:40] Vehicle ID 295 spawned for DV Slot 29
[2022/5/16 - 14:19:40] Attempting to spawn DV Slot ID 30
[2022/5/16 - 14:19:40] Vehicle ID 296 spawned for DV Slot 30
[2022/5/16 - 14:19:40] Attempting to spawn DV Slot ID 31
[2022/5/16 - 14:19:40] Attempting to spawn DV Slot ID 32
[2022/5/16 - 14:19:40] Attempting to spawn DV Slot ID 33
[2022/5/16 - 14:19:40] Attempting to spawn DV Slot ID 34
[2022/5/16 - 14:19:40] Attempting to spawn DV Slot ID 35
[2022/5/16 - 14:19:40] Attempting to spawn DV Slot ID 36
[2022/5/16 - 14:19:40] Attempting to spawn DV Slot ID 37
[2022/5/16 - 14:19:40] Attempting to spawn DV Slot ID 38
[2022/5/16 - 14:19:40] Attempting to spawn DV Slot ID 39
[2022/5/16 - 14:19:40] Attempting to spawn DV Slot ID 40
[2022/5/16 - 14:19:40] Attempting to spawn DV Slot ID 41
[2022/5/16 - 14:19:40] Attempting to spawn DV Slot ID 42
[2022/5/16 - 14:19:40] Attempting to spawn DV Slot ID 43
[2022/5/16 - 14:19:40] Attempting to spawn DV Slot ID 44
[2022/5/16 - 14:19:40] Attempting to spawn DV Slot ID 45
[2022/5/16 - 14:19:40] Attempting to spawn DV Slot ID 46
[2022/5/16 - 14:19:40] Attempting to spawn DV Slot ID 47
[2022/5/16 - 14:19:40] Attempting to spawn DV Slot ID 48
[2022/5/16 - 14:19:40] Attempting to spawn DV Slot ID 49
[2022/5/16 - 14:19:40] Vehicle ID 297 spawned for DV Slot 49
[2022/5/16 - 14:19:40] Attempting to spawn DV Slot ID 50
[2022/5/16 - 14:19:40] Attempting to spawn DV Slot ID 51
[2022/5/16 - 14:19:40] Attempting to spawn DV Slot ID 52
[2022/5/16 - 14:19:40] Attempting to spawn DV Slot ID 53
[2022/5/16 - 14:19:40] Attempting to spawn DV Slot ID 54
[2022/5/16 - 14:19:40] Attempting to spawn DV Slot ID 55
[2022/5/16 - 14:19:40] Attempting to spawn DV Slot ID 56
[2022/5/16 - 14:19:40] Vehicle ID 298 spawned for DV Slot 56
[2022/5/16 - 14:19:40] Attempting to spawn DV Slot ID 57
[2022/5/16 - 14:19:40] Attempting to spawn DV Slot ID 58
[2022/5/16 - 14:19:40] Attempting to spawn DV Slot ID 59
[2022/5/16 - 14:19:40] Attempting to spawn DV Slot ID 60
[2022/5/16 - 14:19:40] Attempting to spawn DV Slot ID 61
[2022/5/16 - 14:19:40] Attempting to spawn DV Slot ID 62
[2022/5/16 - 14:19:40] Attempting to spawn DV Slot ID 63
[2022/5/16 - 14:19:40] Attempting to spawn DV Slot ID 64
[2022/5/16 - 14:19:40] Attempting to spawn DV Slot ID 65
[2022/5/16 - 14:19:40] Attempting to spawn DV Slot ID 66
[2022/5/16 - 14:19:40] Attempting to spawn DV Slot ID 67
[2022/5/16 - 14:19:40] Vehicle ID 299 spawned for DV Slot 67
[2022/5/16 - 14:19:40] Attempting to spawn DV Slot ID 68
[2022/5/16 - 14:19:40] Vehicle ID 300 spawned for DV Slot 68
[2022/5/16 - 14:19:40] Attempting to spawn DV Slot ID 69
[2022/5/16 - 14:19:40] Vehicle ID 301 spawned for DV Slot 69
[2022/5/16 - 14:19:40] Attempting to spawn DV Slot ID 70
[2022/5/16 - 14:19:40] Attempting to spawn DV Slot ID 71
[2022/5/16 - 14:19:40] Attempting to spawn DV Slot ID 72
[2022/5/16 - 14:19:40] Attempting to spawn DV Slot ID 73
[2022/5/16 - 14:19:40] Vehicle ID 302 spawned for DV Slot 73
[2022/5/16 - 14:19:40] Attempting to spawn DV Slot ID 74
[2022/5/16 - 14:19:40] Attempting to spawn DV Slot ID 75
[2022/5/16 - 14:19:40] Attempting to spawn DV Slot ID 76
[2022/5/16 - 14:19:40] Vehicle ID 303 spawned for DV Slot 76
[2022/5/16 - 14:19:40] Attempting to spawn DV Slot ID 77
[2022/5/16 - 14:19:40] Vehicle ID 304 spawned for DV Slot 77
[2022/5/16 - 14:19:40] Attempting to spawn DV Slot ID 78
[2022/5/16 - 14:19:40] Vehicle ID 305 spawned for DV Slot 78
[2022/5/16 - 14:19:40] Attempting to spawn DV Slot ID 79
[2022/5/16 - 14:19:40] Vehicle ID 306 spawned for DV Slot 79
[2022/5/16 - 14:19:40] Attempting to spawn DV Slot ID 80
[2022/5/16 - 14:19:40] Vehicle ID 307 spawned for DV Slot 80
[2022/5/16 - 14:19:40] Attempting to spawn DV Slot ID 81
[2022/5/16 - 14:19:40] Attempting to spawn DV Slot ID 82
[2022/5/16 - 14:19:40] Attempting to spawn DV Slot ID 83
[2022/5/16 - 14:19:40] Attempting to spawn DV Slot ID 84
[2022/5/16 - 14:19:40] Attempting to spawn DV Slot ID 85
[2022/5/16 - 14:19:40] Attempting to spawn DV Slot ID 86
[2022/5/16 - 14:19:40] Attempting to spawn DV Slot ID 87
[2022/5/16 - 14:19:40] Attempting to spawn DV Slot ID 88
[2022/5/16 - 14:19:40] Attempting to spawn DV Slot ID 89
[2022/5/16 - 14:19:40] Attempting to spawn DV Slot ID 90
[2022/5/16 - 14:19:40] Attempting to spawn DV Slot ID 91
[2022/5/16 - 14:19:40] Vehicle ID 308 spawned for DV Slot 91
[2022/5/16 - 14:19:40] Attempting to spawn DV Slot ID 92
[2022/5/16 - 14:19:40] Vehicle ID 309 spawned for DV Slot 92
[2022/5/16 - 14:19:40] Attempting to spawn DV Slot ID 93
[2022/5/16 - 14:19:40] Attempting to spawn DV Slot ID 94
[2022/5/16 - 14:19:40] Attempting to spawn DV Slot ID 95
[2022/5/16 - 14:19:40] Attempting to spawn DV Slot ID 96
[2022/5/16 - 14:19:40] Attempting to spawn DV Slot ID 97
[2022/5/16 - 14:19:40] Attempting to spawn DV Slot ID 98
[2022/5/16 - 14:19:40] Attempting to spawn DV Slot ID 99
[2022/5/16 - 14:19:40] Vehicle ID 310 spawned for DV Slot 99
[2022/5/16 - 14:19:40] Attempting to spawn DV Slot ID 100
[2022/5/16 - 14:19:40] Vehicle ID 311 spawned for DV Slot 100
[2022/5/16 - 14:19:40] Attempting to spawn DV Slot ID 101
[2022/5/16 - 14:19:40] Vehicle ID 312 spawned for DV Slot 101
[2022/5/16 - 14:19:40] Attempting to spawn DV Slot ID 102
[2022/5/16 - 14:19:40] Vehicle ID 313 spawned for DV Slot 102
[2022/5/16 - 14:19:40] Attempting to spawn DV Slot ID 103
[2022/5/16 - 14:19:40] Vehicle ID 314 spawned for DV Slot 103
[2022/5/16 - 14:19:40] Attempting to spawn DV Slot ID 104
[2022/5/16 - 14:19:40] Attempting to spawn DV Slot ID 105
[2022/5/16 - 14:19:40] Attempting to spawn DV Slot ID 106
[2022/5/16 - 14:19:40] Attempting to spawn DV Slot ID 107
[2022/5/16 - 14:19:40] Vehicle ID 315 spawned for DV Slot 107
[2022/5/16 - 14:19:40] Attempting to spawn DV Slot ID 108
[2022/5/16 - 14:19:40] Attempting to spawn DV Slot ID 109
[2022/5/16 - 14:19:40] Attempting to spawn DV Slot ID 110
[2022/5/16 - 14:19:40] Vehicle ID 316 spawned for DV Slot 110
[2022/5/16 - 14:19:40] Attempting to spawn DV Slot ID 111
[2022/5/16 - 14:19:40] Vehicle ID 317 spawned for DV Slot 111
[2022/5/16 - 14:19:40] Attempting to spawn DV Slot ID 112
[2022/5/16 - 14:19:40] Vehicle ID 318 spawned for DV Slot 112
[2022/5/16 - 14:19:40] Attempting to spawn DV Slot ID 113
[2022/5/16 - 14:19:40] Vehicle ID 319 spawned for DV Slot 113
[2022/5/16 - 14:19:40] Attempting to spawn DV Slot ID 114
[2022/5/16 - 14:19:40] Vehicle ID 320 spawned for DV Slot 114
[2022/5/16 - 14:19:40] Attempting to spawn DV Slot ID 115
[2022/5/16 - 14:19:40] Vehicle ID 321 spawned for DV Slot 115
[2022/5/16 - 14:19:40] Attempting to spawn DV Slot ID 116
[2022/5/16 - 14:19:40] Attempting to spawn DV Slot ID 117
[2022/5/16 - 14:19:40] Attempting to spawn DV Slot ID 118
[2022/5/16 - 14:19:40] Attempting to spawn DV Slot ID 119
[2022/5/16 - 14:19:40] Vehicle ID 322 spawned for DV Slot 119
[2022/5/16 - 14:19:40] Attempting to spawn DV Slot ID 120
[2022/5/16 - 14:19:40] Vehicle ID 323 spawned for DV Slot 120
[2022/5/16 - 14:19:40] Attempting to spawn DV Slot ID 121
[2022/5/16 - 14:19:40] Vehicle ID 324 spawned for DV Slot 121
[2022/5/16 - 14:19:40] Attempting to spawn DV Slot ID 122
[2022/5/16 - 14:19:40] Vehicle ID 325 spawned for DV Slot 122
[2022/5/16 - 14:19:40] Attempting to spawn DV Slot ID 123
[2022/5/16 - 14:19:40] Vehicle ID 326 spawned for DV Slot 123
[2022/5/16 - 14:19:40] Attempting to spawn DV Slot ID 124
[2022/5/16 - 14:19:40] Attempting to spawn DV Slot ID 125
[2022/5/16 - 14:19:40] Vehicle ID 327 spawned for DV Slot 125
[2022/5/16 - 14:19:40] Attempting to spawn DV Slot ID 126
[2022/5/16 - 14:19:40] Attempting to spawn DV Slot ID 127
[2022/5/16 - 14:19:40] Attempting to spawn DV Slot ID 128
[2022/5/16 - 14:19:40] Vehicle ID 328 spawned for DV Slot 128
[2022/5/16 - 14:19:40] Attempting to spawn DV Slot ID 129
[2022/5/16 - 14:19:40] Vehicle ID 329 spawned for DV Slot 129
[2022/5/16 - 14:19:40] Attempting to spawn DV Slot ID 130
[2022/5/16 - 14:19:40] Vehicle ID 330 spawned for DV Slot 130
[2022/5/16 - 14:19:40] Attempting to spawn DV Slot ID 131
[2022/5/16 - 14:19:40] Attempting to spawn DV Slot ID 132
[2022/5/16 - 14:19:40] Vehicle ID 331 spawned for DV Slot 132
[2022/5/16 - 14:19:40] Attempting to spawn DV Slot ID 133
[2022/5/16 - 14:19:40] Attempting to spawn DV Slot ID 134
[2022/5/16 - 14:19:40] Attempting to spawn DV Slot ID 135
[2022/5/16 - 14:19:40] Vehicle ID 332 spawned for DV Slot 135
[2022/5/16 - 14:19:40] Attempting to spawn DV Slot ID 136
[2022/5/16 - 14:19:40] Vehicle ID 333 spawned for DV Slot 136
[2022/5/16 - 14:19:40] Attempting to spawn DV Slot ID 137
[2022/5/16 - 14:19:40] Attempting to spawn DV Slot ID 138
[2022/5/16 - 14:19:40] Attempting to spawn DV Slot ID 139
[2022/5/16 - 14:19:40] Attempting to spawn DV Slot ID 140
[2022/5/16 - 14:19:40] Vehicle ID 334 spawned for DV Slot 140
[2022/5/16 - 14:19:40] Attempting to spawn DV Slot ID 141
[2022/5/16 - 14:19:40] Attempting to spawn DV Slot ID 142
[2022/5/16 - 14:19:40] Vehicle ID 335 spawned for DV Slot 142
[2022/5/16 - 14:19:40] Attempting to spawn DV Slot ID 143
[2022/5/16 - 14:19:40] Vehicle ID 336 spawned for DV Slot 143
[2022/5/16 - 14:19:40] Attempting to spawn DV Slot ID 144
[2022/5/16 - 14:19:40] Vehicle ID 337 spawned for DV Slot 144
[2022/5/16 - 14:19:40] Attempting to spawn DV Slot ID 145
[2022/5/16 - 14:19:40] Attempting to spawn DV Slot ID 146
[2022/5/16 - 14:19:40] Attempting to spawn DV Slot ID 147
[2022/5/16 - 14:19:40] Vehicle ID 338 spawned for DV Slot 147
[2022/5/16 - 14:19:40] Attempting to spawn DV Slot ID 148
[2022/5/16 - 14:19:40] Vehicle ID 339 spawned for DV Slot 148
[2022/5/16 - 14:19:40] Attempting to spawn DV Slot ID 149
[2022/5/16 - 14:19:40] Attempting to spawn DV Slot ID 150
[2022/5/16 - 14:19:40] Vehicle ID 340 spawned for DV Slot 150
[2022/5/16 - 14:19:40] Attempting to spawn DV Slot ID 151
[2022/5/16 - 14:19:40] Attempting to spawn DV Slot ID 152
[2022/5/16 - 14:19:40] Attempting to spawn DV Slot ID 153
[2022/5/16 - 14:19:40] Attempting to spawn DV Slot ID 154
[2022/5/16 - 14:19:40] Attempting to spawn DV Slot ID 155
[2022/5/16 - 14:19:40] Attempting to spawn DV Slot ID 156
[2022/5/16 - 14:19:40] Attempting to spawn DV Slot ID 157
[2022/5/16 - 14:19:40] Attempting to spawn DV Slot ID 158
[2022/5/16 - 14:19:40] Attempting to spawn DV Slot ID 159
[2022/5/16 - 14:19:40] Attempting to spawn DV Slot ID 160
[2022/5/16 - 14:19:40] Vehicle ID 341 spawned for DV Slot 160
[2022/5/16 - 14:19:40] Attempting to spawn DV Slot ID 161
[2022/5/16 - 14:19:40] Attempting to spawn DV Slot ID 162
[2022/5/16 - 14:19:40] Attempting to spawn DV Slot ID 163
[2022/5/16 - 14:19:40] Vehicle ID 342 spawned for DV Slot 163
[2022/5/16 - 14:19:40] Attempting to spawn DV Slot ID 164
[2022/5/16 - 14:19:40] Vehicle ID 343 spawned for DV Slot 164
[2022/5/16 - 14:19:40] Attempting to spawn DV Slot ID 165
[2022/5/16 - 14:19:40] Vehicle ID 344 spawned for DV Slot 165
[2022/5/16 - 14:19:40] Attempting to spawn DV Slot ID 166
[2022/5/16 - 14:19:40] Attempting to spawn DV Slot ID 167
[2022/5/16 - 14:19:40] Attempting to spawn DV Slot ID 168
[2022/5/16 - 14:19:40] Attempting to spawn DV Slot ID 169
[2022/5/16 - 14:19:40] Attempting to spawn DV Slot ID 170
[2022/5/16 - 14:19:40] Attempting to spawn DV Slot ID 171
[2022/5/16 - 14:19:40] Vehicle ID 345 spawned for DV Slot 171
[2022/5/16 - 14:19:40] Attempting to spawn DV Slot ID 172
[2022/5/16 - 14:19:40] Vehicle ID 346 spawned for DV Slot 172
[2022/5/16 - 14:19:40] Attempting to spawn DV Slot ID 173
[2022/5/16 - 14:19:40] Vehicle ID 347 spawned for DV Slot 173
[2022/5/16 - 14:19:40] Attempting to spawn DV Slot ID 174
[2022/5/16 - 14:19:40] Attempting to spawn DV Slot ID 175
[2022/5/16 - 14:19:40] Vehicle ID 348 spawned for DV Slot 175
[2022/5/16 - 14:19:40] Attempting to spawn DV Slot ID 176
[2022/5/16 - 14:19:40] Attempting to spawn DV Slot ID 177
[2022/5/16 - 14:19:40] Vehicle ID 349 spawned for DV Slot 177
[2022/5/16 - 14:19:40] Attempting to spawn DV Slot ID 178
[2022/5/16 - 14:19:40] Vehicle ID 350 spawned for DV Slot 178
[2022/5/16 - 14:19:40] Attempting to spawn DV Slot ID 179
[2022/5/16 - 14:19:40] Vehicle ID 351 spawned for DV Slot 179
[2022/5/16 - 14:19:40] Attempting to spawn DV Slot ID 180
[2022/5/16 - 14:19:40] Vehicle ID 352 spawned for DV Slot 180
[2022/5/16 - 14:19:40] Attempting to spawn DV Slot ID 181
[2022/5/16 - 14:19:40] Vehicle ID 353 spawned for DV Slot 181
[2022/5/16 - 14:19:40] Attempting to spawn DV Slot ID 182
[2022/5/16 - 14:19:40] Vehicle ID 354 spawned for DV Slot 182
[2022/5/16 - 14:19:40] Attempting to spawn DV Slot ID 183
[2022/5/16 - 14:19:40] Attempting to spawn DV Slot ID 184
[2022/5/16 - 14:19:40] Vehicle ID 355 spawned for DV Slot 184
[2022/5/16 - 14:19:40] Attempting to spawn DV Slot ID 185
[2022/5/16 - 14:19:40] Attempting to spawn DV Slot ID 186
[2022/5/16 - 14:19:40] Vehicle ID 356 spawned for DV Slot 186
[2022/5/16 - 14:19:40] Attempting to spawn DV Slot ID 187
[2022/5/16 - 14:19:40] Vehicle ID 357 spawned for DV Slot 187
[2022/5/16 - 14:19:40] Attempting to spawn DV Slot ID 188
[2022/5/16 - 14:19:40] Attempting to spawn DV Slot ID 189
[2022/5/16 - 14:19:40] Attempting to spawn DV Slot ID 190
[2022/5/16 - 14:19:40] Vehicle ID 358 spawned for DV Slot 190
[2022/5/16 - 14:19:40] Attempting to spawn DV Slot ID 191
[2022/5/16 - 14:19:40] Attempting to spawn DV Slot ID 192
[2022/5/16 - 14:19:40] Vehicle ID 359 spawned for DV Slot 192
[2022/5/16 - 14:19:40] Attempting to spawn DV Slot ID 193
[2022/5/16 - 14:19:40] Vehicle ID 360 spawned for DV Slot 193
[2022/5/16 - 14:19:40] Attempting to spawn DV Slot ID 194
[2022/5/16 - 14:19:40] Vehicle ID 361 spawned for DV Slot 194
[2022/5/16 - 14:19:40] Attempting to spawn DV Slot ID 195
[2022/5/16 - 14:19:40] Vehicle ID 362 spawned for DV Slot 195
[2022/5/16 - 14:19:40] Attempting to spawn DV Slot ID 196
[2022/5/16 - 14:19:40] Attempting to spawn DV Slot ID 197
[2022/5/16 - 14:19:40] Attempting to spawn DV Slot ID 198
[2022/5/16 - 14:19:40] Vehicle ID 363 spawned for DV Slot 198
[2022/5/16 - 14:19:40] Attempting to spawn DV Slot ID 199
[2022/5/16 - 14:19:40] Vehicle ID 364 spawned for DV Slot 199
[2022/5/16 - 14:19:40] Attempting to spawn DV Slot ID 200
[2022/5/16 - 14:19:40] Attempting to spawn DV Slot ID 201
[2022/5/16 - 14:19:40] Vehicle ID 365 spawned for DV Slot 201
[2022/5/16 - 14:19:40] Attempting to spawn DV Slot ID 202
[2022/5/16 - 14:19:40] Attempting to spawn DV Slot ID 203
[2022/5/16 - 14:19:40] Attempting to spawn DV Slot ID 204
[2022/5/16 - 14:19:40] Attempting to spawn DV Slot ID 205
[2022/5/16 - 14:19:40] Vehicle ID 366 spawned for DV Slot 205
[2022/5/16 - 14:19:40] Attempting to spawn DV Slot ID 206
[2022/5/16 - 14:19:40] Attempting to spawn DV Slot ID 207
[2022/5/16 - 14:19:40] Vehicle ID 367 spawned for DV Slot 207
[2022/5/16 - 14:19:40] Attempting to spawn DV Slot ID 208
[2022/5/16 - 14:19:40] Attempting to spawn DV Slot ID 209
[2022/5/16 - 14:19:40] Attempting to spawn DV Slot ID 210
[2022/5/16 - 14:19:40] Attempting to spawn DV Slot ID 211
[2022/5/16 - 14:19:40] Attempting to spawn DV Slot ID 212
[2022/5/16 - 14:19:40] Vehicle ID 368 spawned for DV Slot 212
[2022/5/16 - 14:19:40] Attempting to spawn DV Slot ID 213
[2022/5/16 - 14:19:40] Attempting to spawn DV Slot ID 214
[2022/5/16 - 14:19:40] Attempting to spawn DV Slot ID 215
[2022/5/16 - 14:19:40] Attempting to spawn DV Slot ID 216
[2022/5/16 - 14:19:40] Vehicle ID 369 spawned for DV Slot 216
[2022/5/16 - 14:19:40] Attempting to spawn DV Slot ID 218
[2022/5/16 - 14:19:40] Vehicle ID 370 spawned for DV Slot 218
[2022/5/16 - 14:19:40] Attempting to spawn DV Slot ID 220
[2022/5/16 - 14:19:40] Invalid Vehicle Model ID for DV Slot 220
[2022/5/16 - 14:19:40] Attempting to spawn DV Slot ID 221
[2022/5/16 - 14:19:40] Attempting to spawn DV Slot ID 222
[2022/5/16 - 14:19:40] Attempting to spawn DV Slot ID 223
[2022/5/16 - 14:19:40] Attempting to spawn DV Slot ID 224
[2022/5/16 - 14:19:40] Attempting to spawn DV Slot ID 226
[2022/5/16 - 14:19:40] Attempting to spawn DV Slot ID 227
[2022/5/16 - 14:19:40] Attempting to spawn DV Slot ID 228
[2022/5/16 - 14:19:40] Vehicle ID 371 spawned for DV Slot 228
[2022/5/16 - 14:19:40] Attempting to spawn DV Slot ID 229
[2022/5/16 - 14:19:40] Vehicle ID 372 spawned for DV Slot 229
[2022/5/16 - 14:19:40] Attempting to spawn DV Slot ID 230
[2022/5/16 - 14:19:40] Attempting to spawn DV Slot ID 232
[2022/5/16 - 14:19:40] Attempting to spawn DV Slot ID 236
[2022/5/16 - 14:19:40] Attempting to spawn DV Slot ID 237
[2022/5/16 - 14:19:40] Vehicle ID 373 spawned for DV Slot 237
[2022/5/16 - 14:19:40] Attempting to spawn DV Slot ID 238
[2022/5/16 - 14:19:40] Attempting to spawn DV Slot ID 239
[2022/5/16 - 14:19:40] Vehicle ID 374 spawned for DV Slot 239
[2022/5/16 - 14:19:40] Attempting to spawn DV Slot ID 240
[2022/5/16 - 14:19:40] Vehicle ID 375 spawned for DV Slot 240
[2022/5/16 - 14:19:40] Attempting to spawn DV Slot ID 241
[2022/5/16 - 14:19:40] Vehicle ID 376 spawned for DV Slot 241
[2022/5/16 - 14:19:40] Attempting to spawn DV Slot ID 242
[2022/5/16 - 14:19:40] Vehicle ID 377 spawned for DV Slot 242
[2022/5/16 - 14:19:40] Attempting to spawn DV Slot ID 243
[2022/5/16 - 14:19:40] Vehicle ID 378 spawned for DV Slot 243
[2022/5/16 - 14:19:40] Attempting to spawn DV Slot ID 244
[2022/5/16 - 14:19:40] Vehicle ID 379 spawned for DV Slot 244
[2022/5/16 - 14:19:40] Attempting to spawn DV Slot ID 245
[2022/5/16 - 14:19:40] Vehicle ID 380 spawned for DV Slot 245
[2022/5/16 - 14:19:40] Attempting to spawn DV Slot ID 246
[2022/5/16 - 14:19:40] Vehicle ID 381 spawned for DV Slot 246
[2022/5/16 - 14:19:40] Attempting to spawn DV Slot ID 247
[2022/5/16 - 14:19:40] Vehicle ID 382 spawned for DV Slot 247
[2022/5/16 - 14:19:40] Attempting to spawn DV Slot ID 248
[2022/5/16 - 14:19:40] Vehicle ID 383 spawned for DV Slot 248
[2022/5/16 - 14:19:40] Attempting to spawn DV Slot ID 249
[2022/5/16 - 14:19:40] Vehicle ID 384 spawned for DV Slot 249
[2022/5/16 - 14:19:40] Attempting to spawn DV Slot ID 250
[2022/5/16 - 14:19:40] Vehicle ID 385 spawned for DV Slot 250
[2022/5/16 - 14:19:40] Attempting to spawn DV Slot ID 251
[2022/5/16 - 14:19:40] Vehicle ID 386 spawned for DV Slot 251
[2022/5/16 - 14:19:40] Attempting to spawn DV Slot ID 252
[2022/5/16 - 14:19:40] Vehicle ID 387 spawned for DV Slot 252
[2022/5/16 - 14:19:40] Attempting to spawn DV Slot ID 253
[2022/5/16 - 14:19:40] Vehicle ID 388 spawned for DV Slot 253
[2022/5/16 - 14:19:40] Attempting to spawn DV Slot ID 254
[2022/5/16 - 14:19:40] Vehicle ID 389 spawned for DV Slot 254
[2022/5/16 - 14:19:40] Attempting to spawn DV Slot ID 256
[2022/5/16 - 14:19:40] Attempting to spawn DV Slot ID 257
[2022/5/16 - 14:19:40] Vehicle ID 390 spawned for DV Slot 257
[2022/5/16 - 14:19:40] Attempting to spawn DV Slot ID 258
[2022/5/16 - 14:19:40] Vehicle ID 391 spawned for DV Slot 258
[2022/5/16 - 14:19:40] Attempting to spawn DV Slot ID 259
[2022/5/16 - 14:19:40] Vehicle ID 392 spawned for DV Slot 259
[2022/5/16 - 14:19:40] Attempting to spawn DV Slot ID 260
[2022/5/16 - 14:19:40] Vehicle ID 393 spawned for DV Slot 260
[2022/5/16 - 14:19:40] Attempting to spawn DV Slot ID 261
[2022/5/16 - 14:19:40] Vehicle ID 394 spawned for DV Slot 261
[2022/5/16 - 14:19:40] Attempting to spawn DV Slot ID 262
[2022/5/16 - 14:19:40] Vehicle ID 395 spawned for DV Slot 262
[2022/5/16 - 14:19:40] Attempting to spawn DV Slot ID 263
[2022/5/16 - 14:19:40] Vehicle ID 396 spawned for DV Slot 263
[2022/5/16 - 14:19:40] Attempting to spawn DV Slot ID 264
[2022/5/16 - 14:19:40] Vehicle ID 397 spawned for DV Slot 264
[2022/5/16 - 14:19:40] Attempting to spawn DV Slot ID 265
[2022/5/16 - 14:19:40] Vehicle ID 398 spawned for DV Slot 265
[2022/5/16 - 14:19:40] Attempting to spawn DV Slot ID 266
[2022/5/16 - 14:19:40] Vehicle ID 399 spawned for DV Slot 266
[2022/5/16 - 14:19:40] Attempting to spawn DV Slot ID 267
[2022/5/16 - 14:19:40] Vehicle ID 400 spawned for DV Slot 267
[2022/5/16 - 14:19:40] Attempting to spawn DV Slot ID 268
[2022/5/16 - 14:19:40] Vehicle ID 401 spawned for DV Slot 268
[2022/5/16 - 14:19:40] Attempting to spawn DV Slot ID 269
[2022/5/16 - 14:19:40] Attempting to spawn DV Slot ID 270
[2022/5/16 - 14:19:40] Vehicle ID 402 spawned for DV Slot 270
[2022/5/16 - 14:19:40] Attempting to spawn DV Slot ID 271
[2022/5/16 - 14:19:40] Attempting to spawn DV Slot ID 272
[2022/5/16 - 14:19:40] Attempting to spawn DV Slot ID 273
[2022/5/16 - 14:19:40] Attempting to spawn DV Slot ID 274
[2022/5/16 - 14:19:40] Attempting to spawn DV Slot ID 275
[2022/5/16 - 14:19:40] Attempting to spawn DV Slot ID 276
[2022/5/16 - 14:19:40] Attempting to spawn DV Slot ID 277
[2022/5/16 - 14:19:40] Attempting to spawn DV Slot ID 278
[2022/5/16 - 14:19:40] Attempting to spawn DV Slot ID 279
[2022/5/16 - 14:19:40] Attempting to spawn DV Slot ID 280
[2022/5/16 - 14:19:40] Attempting to spawn DV Slot ID 281
[2022/5/16 - 14:19:40] Attempting to spawn DV Slot ID 282
[2022/5/16 - 14:19:40] Attempting to spawn DV Slot ID 283
[2022/5/16 - 14:19:40] Vehicle ID 403 spawned for DV Slot 283
[2022/5/16 - 14:19:40] Attempting to spawn DV Slot ID 284
[2022/5/16 - 14:19:40] Vehicle ID 404 spawned for DV Slot 284
[2022/5/16 - 14:19:40] Attempting to spawn DV Slot ID 285
[2022/5/16 - 14:19:40] Attempting to spawn DV Slot ID 286
[2022/5/16 - 14:19:40] Attempting to spawn DV Slot ID 287
[2022/5/16 - 14:19:40] Attempting to spawn DV Slot ID 288
[2022/5/16 - 14:19:40] Attempting to spawn DV Slot ID 289
[2022/5/16 - 14:19:40] Attempting to spawn DV Slot ID 290
[2022/5/16 - 14:19:40] Attempting to spawn DV Slot ID 291
[2022/5/16 - 14:19:40] Vehicle ID 405 spawned for DV Slot 291
[2022/5/16 - 14:19:40] Attempting to spawn DV Slot ID 292
[2022/5/16 - 14:19:40] Attempting to spawn DV Slot ID 293
[2022/5/16 - 14:19:40] Attempting to spawn DV Slot ID 294
[2022/5/16 - 14:19:40] Attempting to spawn DV Slot ID 295
[2022/5/16 - 14:19:40] Vehicle ID 406 spawned for DV Slot 295
[2022/5/16 - 14:19:40] Attempting to spawn DV Slot ID 296
[2022/5/16 - 14:19:40] Vehicle ID 407 spawned for DV Slot 296
[2022/5/16 - 14:19:40] Attempting to spawn DV Slot ID 297
[2022/5/16 - 14:19:40] Vehicle ID 408 spawned for DV Slot 297
[2022/5/16 - 14:19:40] Attempting to spawn DV Slot ID 298
[2022/5/16 - 14:19:40] Vehicle ID 409 spawned for DV Slot 298
[2022/5/16 - 14:19:40] Attempting to spawn DV Slot ID 299
[2022/5/16 - 14:19:40] Vehicle ID 410 spawned for DV Slot 299
[2022/5/16 - 14:19:40] Attempting to spawn DV Slot ID 300
[2022/5/16 - 14:19:40] Vehicle ID 411 spawned for DV Slot 300
[2022/5/16 - 14:19:40] Attempting to spawn DV Slot ID 301
[2022/5/16 - 14:19:40] Vehicle ID 412 spawned for DV Slot 301
[2022/5/16 - 14:19:40] Attempting to spawn DV Slot ID 302
[2022/5/16 - 14:19:40] Attempting to spawn DV Slot ID 303
[2022/5/16 - 14:19:40] Attempting to spawn DV Slot ID 304
[2022/5/16 - 14:19:40] Attempting to spawn DV Slot ID 305
[2022/5/16 - 14:19:40] Attempting to spawn DV Slot ID 306
[2022/5/16 - 14:19:40] Vehicle ID 413 spawned for DV Slot 306
[2022/5/16 - 14:19:40] Attempting to spawn DV Slot ID 307
[2022/5/16 - 14:19:40] Attempting to spawn DV Slot ID 308
[2022/5/16 - 14:19:40] Attempting to spawn DV Slot ID 309
[2022/5/16 - 14:19:40] Vehicle ID 414 spawned for DV Slot 309
[2022/5/16 - 14:19:40] Attempting to spawn DV Slot ID 310
[2022/5/16 - 14:19:40] Vehicle ID 415 spawned for DV Slot 310
[2022/5/16 - 14:19:40] Attempting to spawn DV Slot ID 311
[2022/5/16 - 14:19:40] Vehicle ID 416 spawned for DV Slot 311
[2022/5/16 - 14:19:40] Attempting to spawn DV Slot ID 312
[2022/5/16 - 14:19:40] Vehicle ID 417 spawned for DV Slot 312
[2022/5/16 - 14:19:40] Attempting to spawn DV Slot ID 313
[2022/5/16 - 14:19:40] Vehicle ID 418 spawned for DV Slot 313
[2022/5/16 - 14:19:40] Attempting to spawn DV Slot ID 314
[2022/5/16 - 14:19:40] Vehicle ID 419 spawned for DV Slot 314
[2022/5/16 - 14:19:40] Attempting to spawn DV Slot ID 315
[2022/5/16 - 14:19:40] Attempting to spawn DV Slot ID 316
[2022/5/16 - 14:19:40] Attempting to spawn DV Slot ID 317
[2022/5/16 - 14:19:40] Vehicle ID 420 spawned for DV Slot 317
[2022/5/16 - 14:19:40] Attempting to spawn DV Slot ID 318
[2022/5/16 - 14:19:40] Vehicle ID 421 spawned for DV Slot 318
[2022/5/16 - 14:19:40] Attempting to spawn DV Slot ID 319
[2022/5/16 - 14:19:40] Vehicle ID 422 spawned for DV Slot 319
[2022/5/16 - 14:19:40] Attempting to spawn DV Slot ID 320
[2022/5/16 - 14:19:40] Vehicle ID 423 spawned for DV Slot 320
[2022/5/16 - 14:19:40] Attempting to spawn DV Slot ID 321
[2022/5/16 - 14:19:40] Vehicle ID 424 spawned for DV Slot 321
[2022/5/16 - 14:19:40] Attempting to spawn DV Slot ID 322
[2022/5/16 - 14:19:40] Invalid Vehicle Model ID for DV Slot 322
[2022/5/16 - 14:19:40] Attempting to spawn DV Slot ID 323
[2022/5/16 - 14:19:40] Vehicle ID 425 spawned for DV Slot 323
[2022/5/16 - 14:19:40] Attempting to spawn DV Slot ID 324
[2022/5/16 - 14:19:40] Vehicle ID 426 spawned for DV Slot 324
[2022/5/16 - 14:19:40] Attempting to spawn DV Slot ID 325
[2022/5/16 - 14:19:40] Vehicle ID 427 spawned for DV Slot 325
[2022/5/16 - 14:19:40] Attempting to spawn DV Slot ID 326
[2022/5/16 - 14:19:40] Vehicle ID 428 spawned for DV Slot 326
[2022/5/16 - 14:19:40] Attempting to spawn DV Slot ID 327
[2022/5/16 - 14:19:40] Vehicle ID 429 spawned for DV Slot 327
[2022/5/16 - 14:19:40] Attempting to spawn DV Slot ID 328
[2022/5/16 - 14:19:40] Attempting to spawn DV Slot ID 329
[2022/5/16 - 14:19:40] Attempting to spawn DV Slot ID 330
[2022/5/16 - 14:19:40] Vehicle ID 430 spawned for DV Slot 330
[2022/5/16 - 14:19:40] Attempting to spawn DV Slot ID 331
[2022/5/16 - 14:19:40] Vehicle ID 431 spawned for DV Slot 331
[2022/5/16 - 14:19:40] Attempting to spawn DV Slot ID 332
[2022/5/16 - 14:19:40] Vehicle ID 432 spawned for DV Slot 332
[2022/5/16 - 14:19:40] Attempting to spawn DV Slot ID 333
[2022/5/16 - 14:19:40] Vehicle ID 433 spawned for DV Slot 333
[2022/5/16 - 14:19:40] Attempting to spawn DV Slot ID 334
[2022/5/16 - 14:19:40] Vehicle ID 434 spawned for DV Slot 334
[2022/5/16 - 14:19:40] Attempting to spawn DV Slot ID 335
[2022/5/16 - 14:19:40] Vehicle ID 435 spawned for DV Slot 335
[2022/5/16 - 14:19:40] Attempting to spawn DV Slot ID 336
[2022/5/16 - 14:19:40] Vehicle ID 436 spawned for DV Slot 336
[2022/5/16 - 14:19:40] Attempting to spawn DV Slot ID 337
[2022/5/16 - 14:19:40] Vehicle ID 437 spawned for DV Slot 337
[2022/5/16 - 14:19:40] Attempting to spawn DV Slot ID 338
[2022/5/16 - 14:19:40] Vehicle ID 438 spawned for DV Slot 338
[2022/5/16 - 14:19:40] Attempting to spawn DV Slot ID 339
[2022/5/16 - 14:19:40] Vehicle ID 439 spawned for DV Slot 339
[2022/5/16 - 14:19:40] Attempting to spawn DV Slot ID 340
[2022/5/16 - 14:19:40] Vehicle ID 440 spawned for DV Slot 340
[2022/5/16 - 14:19:40] Attempting to spawn DV Slot ID 341
[2022/5/16 - 14:19:40] Vehicle ID 441 spawned for DV Slot 341
[2022/5/16 - 14:19:40] Attempting to spawn DV Slot ID 342
[2022/5/16 - 14:19:40] Vehicle ID 442 spawned for DV Slot 342
[2022/5/16 - 14:19:40] Attempting to spawn DV Slot ID 343
[2022/5/16 - 14:19:40] Vehicle ID 443 spawned for DV Slot 343
[2022/5/16 - 14:19:40] Attempting to spawn DV Slot ID 344
[2022/5/16 - 14:19:40] Vehicle ID 444 spawned for DV Slot 344
[2022/5/16 - 14:19:40] Attempting to spawn DV Slot ID 345
[2022/5/16 - 14:19:40] Vehicle ID 445 spawned for DV Slot 345
[2022/5/16 - 14:19:40] Attempting to spawn DV Slot ID 346
[2022/5/16 - 14:19:40] Vehicle ID 446 spawned for DV Slot 346
[2022/5/16 - 14:19:40] Attempting to spawn DV Slot ID 347
[2022/5/16 - 14:19:40] Vehicle ID 447 spawned for DV Slot 347
[2022/5/16 - 14:19:40] Attempting to spawn DV Slot ID 348
[2022/5/16 - 14:19:40] Vehicle ID 448 spawned for DV Slot 348
[2022/5/16 - 14:19:40] Attempting to spawn DV Slot ID 349
[2022/5/16 - 14:19:40] Vehicle ID 449 spawned for DV Slot 349
[2022/5/16 - 14:19:40] Attempting to spawn DV Slot ID 350
[2022/5/16 - 14:19:40] Vehicle ID 450 spawned for DV Slot 350
[2022/5/16 - 14:19:40] Attempting to spawn DV Slot ID 351
[2022/5/16 - 14:19:40] Vehicle ID 451 spawned for DV Slot 351
[2022/5/16 - 14:19:40] Attempting to spawn DV Slot ID 352
[2022/5/16 - 14:19:40] Vehicle ID 452 spawned for DV Slot 352
[2022/5/16 - 14:19:40] Attempting to spawn DV Slot ID 353
[2022/5/16 - 14:19:40] Vehicle ID 453 spawned for DV Slot 353
[2022/5/16 - 14:19:40] Attempting to spawn DV Slot ID 354
[2022/5/16 - 14:19:40] Vehicle ID 454 spawned for DV Slot 354
[2022/5/16 - 14:19:40] Attempting to spawn DV Slot ID 355
[2022/5/16 - 14:19:40] Vehicle ID 455 spawned for DV Slot 355
[2022/5/16 - 14:19:40] Attempting to spawn DV Slot ID 356
[2022/5/16 - 14:19:40] Vehicle ID 456 spawned for DV Slot 356
[2022/5/16 - 14:19:40] Attempting to spawn DV Slot ID 357
[2022/5/16 - 14:19:40] Vehicle ID 457 spawned for DV Slot 357
[2022/5/16 - 14:19:40] Attempting to spawn DV Slot ID 358
[2022/5/16 - 14:19:40] Vehicle ID 458 spawned for DV Slot 358
[2022/5/16 - 14:19:40] Attempting to spawn DV Slot ID 359
[2022/5/16 - 14:19:40] Vehicle ID 459 spawned for DV Slot 359
[2022/5/16 - 14:19:40] Attempting to spawn DV Slot ID 360
[2022/5/16 - 14:19:40] Vehicle ID 460 spawned for DV Slot 360
[2022/5/16 - 14:19:40] Attempting to spawn DV Slot ID 361
[2022/5/16 - 14:19:40] Vehicle ID 461 spawned for DV Slot 361
[2022/5/16 - 14:19:40] Attempting to spawn DV Slot ID 362
[2022/5/16 - 14:19:40] Vehicle ID 462 spawned for DV Slot 362
[2022/5/16 - 14:19:40] Attempting to spawn DV Slot ID 363
[2022/5/16 - 14:19:40] Vehicle ID 463 spawned for DV Slot 363
[2022/5/16 - 14:19:40] Attempting to spawn DV Slot ID 364
[2022/5/16 - 14:19:40] Vehicle ID 464 spawned for DV Slot 364
[2022/5/16 - 14:19:40] Attempting to spawn DV Slot ID 365
[2022/5/16 - 14:19:40] Vehicle ID 465 spawned for DV Slot 365
[2022/5/16 - 14:19:40] Attempting to spawn DV Slot ID 366
[2022/5/16 - 14:19:40] Vehicle ID 466 spawned for DV Slot 366
[2022/5/16 - 14:20:36] Attempting to spawn DV Slot ID 0
[2022/5/16 - 14:20:36] Destroying Vehicle ID 0 for DV Slot 0
[2022/5/16 - 14:20:36] Invalid Vehicle Model ID for DV Slot 0
[2022/5/16 - 14:20:36] Attempting to spawn DV Slot ID 1
[2022/5/16 - 14:20:36] Vehicle ID 281 spawned for DV Slot 1
[2022/5/16 - 14:20:36] Attempting to spawn DV Slot ID 2
[2022/5/16 - 14:20:36] Attempting to spawn DV Slot ID 3
[2022/5/16 - 14:20:36] Vehicle ID 282 spawned for DV Slot 3
[2022/5/16 - 14:20:36] Attempting to spawn DV Slot ID 4
[2022/5/16 - 14:20:36] Attempting to spawn DV Slot ID 5
[2022/5/16 - 14:20:36] Vehicle ID 283 spawned for DV Slot 5
[2022/5/16 - 14:20:36] Attempting to spawn DV Slot ID 6
[2022/5/16 - 14:20:36] Vehicle ID 284 spawned for DV Slot 6
[2022/5/16 - 14:20:36] Attempting to spawn DV Slot ID 7
[2022/5/16 - 14:20:36] Vehicle ID 285 spawned for DV Slot 7
[2022/5/16 - 14:20:36] Attempting to spawn DV Slot ID 8
[2022/5/16 - 14:20:36] Attempting to spawn DV Slot ID 9
[2022/5/16 - 14:20:36] Attempting to spawn DV Slot ID 10
[2022/5/16 - 14:20:36] Vehicle ID 286 spawned for DV Slot 10
[2022/5/16 - 14:20:36] Attempting to spawn DV Slot ID 11
[2022/5/16 - 14:20:36] Vehicle ID 287 spawned for DV Slot 11
[2022/5/16 - 14:20:36] Attempting to spawn DV Slot ID 12
[2022/5/16 - 14:20:36] Vehicle ID 288 spawned for DV Slot 12
[2022/5/16 - 14:20:36] Attempting to spawn DV Slot ID 13
[2022/5/16 - 14:20:36] Attempting to spawn DV Slot ID 14
[2022/5/16 - 14:20:36] Vehicle ID 289 spawned for DV Slot 14
[2022/5/16 - 14:20:36] Attempting to spawn DV Slot ID 15
[2022/5/16 - 14:20:36] Attempting to spawn DV Slot ID 16
[2022/5/16 - 14:20:36] Attempting to spawn DV Slot ID 17
[2022/5/16 - 14:20:36] Attempting to spawn DV Slot ID 18
[2022/5/16 - 14:20:36] Attempting to spawn DV Slot ID 19
[2022/5/16 - 14:20:36] Attempting to spawn DV Slot ID 20
[2022/5/16 - 14:20:36] Vehicle ID 290 spawned for DV Slot 20
[2022/5/16 - 14:20:36] Attempting to spawn DV Slot ID 21
[2022/5/16 - 14:20:36] Vehicle ID 291 spawned for DV Slot 21
[2022/5/16 - 14:20:36] Attempting to spawn DV Slot ID 22
[2022/5/16 - 14:20:36] Attempting to spawn DV Slot ID 23
[2022/5/16 - 14:20:36] Attempting to spawn DV Slot ID 24
[2022/5/16 - 14:20:36] Vehicle ID 292 spawned for DV Slot 24
[2022/5/16 - 14:20:36] Attempting to spawn DV Slot ID 25
[2022/5/16 - 14:20:36] Vehicle ID 293 spawned for DV Slot 25
[2022/5/16 - 14:20:36] Attempting to spawn DV Slot ID 26
[2022/5/16 - 14:20:36] Vehicle ID 294 spawned for DV Slot 26
[2022/5/16 - 14:20:36] Attempting to spawn DV Slot ID 27
[2022/5/16 - 14:20:36] Attempting to spawn DV Slot ID 28
[2022/5/16 - 14:20:36] Attempting to spawn DV Slot ID 29
[2022/5/16 - 14:20:36] Vehicle ID 295 spawned for DV Slot 29
[2022/5/16 - 14:20:36] Attempting to spawn DV Slot ID 30
[2022/5/16 - 14:20:36] Vehicle ID 296 spawned for DV Slot 30
[2022/5/16 - 14:20:36] Attempting to spawn DV Slot ID 31
[2022/5/16 - 14:20:36] Attempting to spawn DV Slot ID 32
[2022/5/16 - 14:20:36] Attempting to spawn DV Slot ID 33
[2022/5/16 - 14:20:36] Attempting to spawn DV Slot ID 34
[2022/5/16 - 14:20:36] Attempting to spawn DV Slot ID 35
[2022/5/16 - 14:20:36] Attempting to spawn DV Slot ID 36
[2022/5/16 - 14:20:36] Attempting to spawn DV Slot ID 37
[2022/5/16 - 14:20:36] Attempting to spawn DV Slot ID 38
[2022/5/16 - 14:20:36] Attempting to spawn DV Slot ID 39
[2022/5/16 - 14:20:36] Attempting to spawn DV Slot ID 40
[2022/5/16 - 14:20:36] Attempting to spawn DV Slot ID 41
[2022/5/16 - 14:20:36] Attempting to spawn DV Slot ID 42
[2022/5/16 - 14:20:36] Attempting to spawn DV Slot ID 43
[2022/5/16 - 14:20:36] Attempting to spawn DV Slot ID 44
[2022/5/16 - 14:20:36] Attempting to spawn DV Slot ID 45
[2022/5/16 - 14:20:36] Attempting to spawn DV Slot ID 46
[2022/5/16 - 14:20:36] Attempting to spawn DV Slot ID 47
[2022/5/16 - 14:20:36] Attempting to spawn DV Slot ID 48
[2022/5/16 - 14:20:36] Attempting to spawn DV Slot ID 49
[2022/5/16 - 14:20:36] Vehicle ID 297 spawned for DV Slot 49
[2022/5/16 - 14:20:36] Attempting to spawn DV Slot ID 50
[2022/5/16 - 14:20:36] Attempting to spawn DV Slot ID 51
[2022/5/16 - 14:20:36] Attempting to spawn DV Slot ID 52
[2022/5/16 - 14:20:36] Attempting to spawn DV Slot ID 53
[2022/5/16 - 14:20:36] Attempting to spawn DV Slot ID 54
[2022/5/16 - 14:20:36] Attempting to spawn DV Slot ID 55
[2022/5/16 - 14:20:36] Attempting to spawn DV Slot ID 56
[2022/5/16 - 14:20:36] Vehicle ID 298 spawned for DV Slot 56
[2022/5/16 - 14:20:36] Attempting to spawn DV Slot ID 57
[2022/5/16 - 14:20:36] Attempting to spawn DV Slot ID 58
[2022/5/16 - 14:20:36] Attempting to spawn DV Slot ID 59
[2022/5/16 - 14:20:36] Attempting to spawn DV Slot ID 60
[2022/5/16 - 14:20:36] Attempting to spawn DV Slot ID 61
[2022/5/16 - 14:20:36] Attempting to spawn DV Slot ID 62
[2022/5/16 - 14:20:36] Attempting to spawn DV Slot ID 63
[2022/5/16 - 14:20:36] Attempting to spawn DV Slot ID 64
[2022/5/16 - 14:20:36] Attempting to spawn DV Slot ID 65
[2022/5/16 - 14:20:36] Attempting to spawn DV Slot ID 66
[2022/5/16 - 14:20:36] Attempting to spawn DV Slot ID 67
[2022/5/16 - 14:20:36] Vehicle ID 299 spawned for DV Slot 67
[2022/5/16 - 14:20:36] Attempting to spawn DV Slot ID 68
[2022/5/16 - 14:20:36] Vehicle ID 300 spawned for DV Slot 68
[2022/5/16 - 14:20:36] Attempting to spawn DV Slot ID 69
[2022/5/16 - 14:20:36] Vehicle ID 301 spawned for DV Slot 69
[2022/5/16 - 14:20:36] Attempting to spawn DV Slot ID 70
[2022/5/16 - 14:20:36] Attempting to spawn DV Slot ID 71
[2022/5/16 - 14:20:36] Attempting to spawn DV Slot ID 72
[2022/5/16 - 14:20:36] Attempting to spawn DV Slot ID 73
[2022/5/16 - 14:20:36] Vehicle ID 302 spawned for DV Slot 73
[2022/5/16 - 14:20:36] Attempting to spawn DV Slot ID 74
[2022/5/16 - 14:20:36] Attempting to spawn DV Slot ID 75
[2022/5/16 - 14:20:36] Attempting to spawn DV Slot ID 76
[2022/5/16 - 14:20:36] Vehicle ID 303 spawned for DV Slot 76
[2022/5/16 - 14:20:36] Attempting to spawn DV Slot ID 77
[2022/5/16 - 14:20:36] Vehicle ID 304 spawned for DV Slot 77
[2022/5/16 - 14:20:36] Attempting to spawn DV Slot ID 78
[2022/5/16 - 14:20:36] Vehicle ID 305 spawned for DV Slot 78
[2022/5/16 - 14:20:36] Attempting to spawn DV Slot ID 79
[2022/5/16 - 14:20:36] Vehicle ID 306 spawned for DV Slot 79
[2022/5/16 - 14:20:36] Attempting to spawn DV Slot ID 80
[2022/5/16 - 14:20:36] Vehicle ID 307 spawned for DV Slot 80
[2022/5/16 - 14:20:36] Attempting to spawn DV Slot ID 81
[2022/5/16 - 14:20:36] Attempting to spawn DV Slot ID 82
[2022/5/16 - 14:20:36] Attempting to spawn DV Slot ID 83
[2022/5/16 - 14:20:36] Attempting to spawn DV Slot ID 84
[2022/5/16 - 14:20:36] Attempting to spawn DV Slot ID 85
[2022/5/16 - 14:20:36] Attempting to spawn DV Slot ID 86
[2022/5/16 - 14:20:36] Attempting to spawn DV Slot ID 87
[2022/5/16 - 14:20:36] Attempting to spawn DV Slot ID 88
[2022/5/16 - 14:20:36] Attempting to spawn DV Slot ID 89
[2022/5/16 - 14:20:36] Attempting to spawn DV Slot ID 90
[2022/5/16 - 14:20:36] Attempting to spawn DV Slot ID 91
[2022/5/16 - 14:20:36] Vehicle ID 308 spawned for DV Slot 91
[2022/5/16 - 14:20:36] Attempting to spawn DV Slot ID 92
[2022/5/16 - 14:20:36] Vehicle ID 309 spawned for DV Slot 92
[2022/5/16 - 14:20:36] Attempting to spawn DV Slot ID 93
[2022/5/16 - 14:20:36] Attempting to spawn DV Slot ID 94
[2022/5/16 - 14:20:36] Attempting to spawn DV Slot ID 95
[2022/5/16 - 14:20:36] Attempting to spawn DV Slot ID 96
[2022/5/16 - 14:20:36] Attempting to spawn DV Slot ID 97
[2022/5/16 - 14:20:36] Attempting to spawn DV Slot ID 98
[2022/5/16 - 14:20:36] Attempting to spawn DV Slot ID 99
[2022/5/16 - 14:20:36] Vehicle ID 310 spawned for DV Slot 99
[2022/5/16 - 14:20:36] Attempting to spawn DV Slot ID 100
[2022/5/16 - 14:20:36] Vehicle ID 311 spawned for DV Slot 100
[2022/5/16 - 14:20:36] Attempting to spawn DV Slot ID 101
[2022/5/16 - 14:20:36] Vehicle ID 312 spawned for DV Slot 101
[2022/5/16 - 14:20:36] Attempting to spawn DV Slot ID 102
[2022/5/16 - 14:20:36] Vehicle ID 313 spawned for DV Slot 102
[2022/5/16 - 14:20:36] Attempting to spawn DV Slot ID 103
[2022/5/16 - 14:20:36] Vehicle ID 314 spawned for DV Slot 103
[2022/5/16 - 14:20:36] Attempting to spawn DV Slot ID 104
[2022/5/16 - 14:20:36] Attempting to spawn DV Slot ID 105
[2022/5/16 - 14:20:36] Attempting to spawn DV Slot ID 106
[2022/5/16 - 14:20:36] Attempting to spawn DV Slot ID 107
[2022/5/16 - 14:20:36] Vehicle ID 315 spawned for DV Slot 107
[2022/5/16 - 14:20:36] Attempting to spawn DV Slot ID 108
[2022/5/16 - 14:20:36] Attempting to spawn DV Slot ID 109
[2022/5/16 - 14:20:36] Attempting to spawn DV Slot ID 110
[2022/5/16 - 14:20:36] Vehicle ID 316 spawned for DV Slot 110
[2022/5/16 - 14:20:36] Attempting to spawn DV Slot ID 111
[2022/5/16 - 14:20:36] Vehicle ID 317 spawned for DV Slot 111
[2022/5/16 - 14:20:36] Attempting to spawn DV Slot ID 112
[2022/5/16 - 14:20:36] Vehicle ID 318 spawned for DV Slot 112
[2022/5/16 - 14:20:36] Attempting to spawn DV Slot ID 113
[2022/5/16 - 14:20:36] Vehicle ID 319 spawned for DV Slot 113
[2022/5/16 - 14:20:36] Attempting to spawn DV Slot ID 114
[2022/5/16 - 14:20:36] Vehicle ID 320 spawned for DV Slot 114
[2022/5/16 - 14:20:36] Attempting to spawn DV Slot ID 115
[2022/5/16 - 14:20:36] Vehicle ID 321 spawned for DV Slot 115
[2022/5/16 - 14:20:36] Attempting to spawn DV Slot ID 116
[2022/5/16 - 14:20:36] Attempting to spawn DV Slot ID 117
[2022/5/16 - 14:20:36] Attempting to spawn DV Slot ID 118
[2022/5/16 - 14:20:36] Attempting to spawn DV Slot ID 119
[2022/5/16 - 14:20:36] Vehicle ID 322 spawned for DV Slot 119
[2022/5/16 - 14:20:36] Attempting to spawn DV Slot ID 120
[2022/5/16 - 14:20:36] Vehicle ID 323 spawned for DV Slot 120
[2022/5/16 - 14:20:36] Attempting to spawn DV Slot ID 121
[2022/5/16 - 14:20:36] Vehicle ID 324 spawned for DV Slot 121
[2022/5/16 - 14:20:36] Attempting to spawn DV Slot ID 122
[2022/5/16 - 14:20:36] Vehicle ID 325 spawned for DV Slot 122
[2022/5/16 - 14:20:36] Attempting to spawn DV Slot ID 123
[2022/5/16 - 14:20:36] Vehicle ID 326 spawned for DV Slot 123
[2022/5/16 - 14:20:36] Attempting to spawn DV Slot ID 124
[2022/5/16 - 14:20:36] Attempting to spawn DV Slot ID 125
[2022/5/16 - 14:20:36] Vehicle ID 327 spawned for DV Slot 125
[2022/5/16 - 14:20:36] Attempting to spawn DV Slot ID 126
[2022/5/16 - 14:20:36] Attempting to spawn DV Slot ID 127
[2022/5/16 - 14:20:36] Attempting to spawn DV Slot ID 128
[2022/5/16 - 14:20:36] Vehicle ID 328 spawned for DV Slot 128
[2022/5/16 - 14:20:36] Attempting to spawn DV Slot ID 129
[2022/5/16 - 14:20:36] Vehicle ID 329 spawned for DV Slot 129
[2022/5/16 - 14:20:36] Attempting to spawn DV Slot ID 130
[2022/5/16 - 14:20:36] Vehicle ID 330 spawned for DV Slot 130
[2022/5/16 - 14:20:36] Attempting to spawn DV Slot ID 131
[2022/5/16 - 14:20:36] Attempting to spawn DV Slot ID 132
[2022/5/16 - 14:20:36] Vehicle ID 331 spawned for DV Slot 132
[2022/5/16 - 14:20:36] Attempting to spawn DV Slot ID 133
[2022/5/16 - 14:20:36] Attempting to spawn DV Slot ID 134
[2022/5/16 - 14:20:36] Attempting to spawn DV Slot ID 135
[2022/5/16 - 14:20:36] Vehicle ID 332 spawned for DV Slot 135
[2022/5/16 - 14:20:36] Attempting to spawn DV Slot ID 136
[2022/5/16 - 14:20:36] Vehicle ID 333 spawned for DV Slot 136
[2022/5/16 - 14:20:36] Attempting to spawn DV Slot ID 137
[2022/5/16 - 14:20:36] Attempting to spawn DV Slot ID 138
[2022/5/16 - 14:20:36] Attempting to spawn DV Slot ID 139
[2022/5/16 - 14:20:36] Attempting to spawn DV Slot ID 140
[2022/5/16 - 14:20:36] Vehicle ID 334 spawned for DV Slot 140
[2022/5/16 - 14:20:36] Attempting to spawn DV Slot ID 141
[2022/5/16 - 14:20:36] Attempting to spawn DV Slot ID 142
[2022/5/16 - 14:20:36] Vehicle ID 335 spawned for DV Slot 142
[2022/5/16 - 14:20:36] Attempting to spawn DV Slot ID 143
[2022/5/16 - 14:20:36] Vehicle ID 336 spawned for DV Slot 143
[2022/5/16 - 14:20:36] Attempting to spawn DV Slot ID 144
[2022/5/16 - 14:20:36] Vehicle ID 337 spawned for DV Slot 144
[2022/5/16 - 14:20:36] Attempting to spawn DV Slot ID 145
[2022/5/16 - 14:20:36] Attempting to spawn DV Slot ID 146
[2022/5/16 - 14:20:36] Attempting to spawn DV Slot ID 147
[2022/5/16 - 14:20:36] Vehicle ID 338 spawned for DV Slot 147
[2022/5/16 - 14:20:36] Attempting to spawn DV Slot ID 148
[2022/5/16 - 14:20:36] Vehicle ID 339 spawned for DV Slot 148
[2022/5/16 - 14:20:36] Attempting to spawn DV Slot ID 149
[2022/5/16 - 14:20:36] Attempting to spawn DV Slot ID 150
[2022/5/16 - 14:20:36] Vehicle ID 340 spawned for DV Slot 150
[2022/5/16 - 14:20:36] Attempting to spawn DV Slot ID 151
[2022/5/16 - 14:20:36] Attempting to spawn DV Slot ID 152
[2022/5/16 - 14:20:36] Attempting to spawn DV Slot ID 153
[2022/5/16 - 14:20:36] Attempting to spawn DV Slot ID 154
[2022/5/16 - 14:20:36] Attempting to spawn DV Slot ID 155
[2022/5/16 - 14:20:36] Attempting to spawn DV Slot ID 156
[2022/5/16 - 14:20:36] Attempting to spawn DV Slot ID 157
[2022/5/16 - 14:20:36] Attempting to spawn DV Slot ID 158
[2022/5/16 - 14:20:36] Attempting to spawn DV Slot ID 159
[2022/5/16 - 14:20:36] Attempting to spawn DV Slot ID 160
[2022/5/16 - 14:20:36] Vehicle ID 341 spawned for DV Slot 160
[2022/5/16 - 14:20:36] Attempting to spawn DV Slot ID 161
[2022/5/16 - 14:20:36] Attempting to spawn DV Slot ID 162
[2022/5/16 - 14:20:36] Attempting to spawn DV Slot ID 163
[2022/5/16 - 14:20:36] Vehicle ID 342 spawned for DV Slot 163
[2022/5/16 - 14:20:36] Attempting to spawn DV Slot ID 164
[2022/5/16 - 14:20:36] Vehicle ID 343 spawned for DV Slot 164
[2022/5/16 - 14:20:36] Attempting to spawn DV Slot ID 165
[2022/5/16 - 14:20:36] Vehicle ID 344 spawned for DV Slot 165
[2022/5/16 - 14:20:36] Attempting to spawn DV Slot ID 166
[2022/5/16 - 14:20:36] Attempting to spawn DV Slot ID 167
[2022/5/16 - 14:20:36] Attempting to spawn DV Slot ID 168
[2022/5/16 - 14:20:36] Attempting to spawn DV Slot ID 169
[2022/5/16 - 14:20:36] Attempting to spawn DV Slot ID 170
[2022/5/16 - 14:20:36] Attempting to spawn DV Slot ID 171
[2022/5/16 - 14:20:36] Vehicle ID 345 spawned for DV Slot 171
[2022/5/16 - 14:20:36] Attempting to spawn DV Slot ID 172
[2022/5/16 - 14:20:36] Vehicle ID 346 spawned for DV Slot 172
[2022/5/16 - 14:20:36] Attempting to spawn DV Slot ID 173
[2022/5/16 - 14:20:36] Vehicle ID 347 spawned for DV Slot 173
[2022/5/16 - 14:20:36] Attempting to spawn DV Slot ID 174
[2022/5/16 - 14:20:36] Attempting to spawn DV Slot ID 175
[2022/5/16 - 14:20:36] Vehicle ID 348 spawned for DV Slot 175
[2022/5/16 - 14:20:36] Attempting to spawn DV Slot ID 176
[2022/5/16 - 14:20:36] Attempting to spawn DV Slot ID 177
[2022/5/16 - 14:20:36] Vehicle ID 349 spawned for DV Slot 177
[2022/5/16 - 14:20:36] Attempting to spawn DV Slot ID 178
[2022/5/16 - 14:20:36] Vehicle ID 350 spawned for DV Slot 178
[2022/5/16 - 14:20:36] Attempting to spawn DV Slot ID 179
[2022/5/16 - 14:20:36] Vehicle ID 351 spawned for DV Slot 179
[2022/5/16 - 14:20:36] Attempting to spawn DV Slot ID 180
[2022/5/16 - 14:20:36] Vehicle ID 352 spawned for DV Slot 180
[2022/5/16 - 14:20:36] Attempting to spawn DV Slot ID 181
[2022/5/16 - 14:20:36] Vehicle ID 353 spawned for DV Slot 181
[2022/5/16 - 14:20:36] Attempting to spawn DV Slot ID 182
[2022/5/16 - 14:20:36] Vehicle ID 354 spawned for DV Slot 182
[2022/5/16 - 14:20:36] Attempting to spawn DV Slot ID 183
[2022/5/16 - 14:20:36] Attempting to spawn DV Slot ID 184
[2022/5/16 - 14:20:36] Vehicle ID 355 spawned for DV Slot 184
[2022/5/16 - 14:20:36] Attempting to spawn DV Slot ID 185
[2022/5/16 - 14:20:36] Attempting to spawn DV Slot ID 186
[2022/5/16 - 14:20:36] Vehicle ID 356 spawned for DV Slot 186
[2022/5/16 - 14:20:36] Attempting to spawn DV Slot ID 187
[2022/5/16 - 14:20:36] Vehicle ID 357 spawned for DV Slot 187
[2022/5/16 - 14:20:36] Attempting to spawn DV Slot ID 188
[2022/5/16 - 14:20:36] Attempting to spawn DV Slot ID 189
[2022/5/16 - 14:20:36] Attempting to spawn DV Slot ID 190
[2022/5/16 - 14:20:36] Vehicle ID 358 spawned for DV Slot 190
[2022/5/16 - 14:20:36] Attempting to spawn DV Slot ID 191
[2022/5/16 - 14:20:36] Attempting to spawn DV Slot ID 192
[2022/5/16 - 14:20:36] Vehicle ID 359 spawned for DV Slot 192
[2022/5/16 - 14:20:36] Attempting to spawn DV Slot ID 193
[2022/5/16 - 14:20:36] Vehicle ID 360 spawned for DV Slot 193
[2022/5/16 - 14:20:36] Attempting to spawn DV Slot ID 194
[2022/5/16 - 14:20:36] Vehicle ID 361 spawned for DV Slot 194
[2022/5/16 - 14:20:36] Attempting to spawn DV Slot ID 195
[2022/5/16 - 14:20:36] Vehicle ID 362 spawned for DV Slot 195
[2022/5/16 - 14:20:36] Attempting to spawn DV Slot ID 196
[2022/5/16 - 14:20:36] Attempting to spawn DV Slot ID 197
[2022/5/16 - 14:20:36] Attempting to spawn DV Slot ID 198
[2022/5/16 - 14:20:36] Vehicle ID 363 spawned for DV Slot 198
[2022/5/16 - 14:20:36] Attempting to spawn DV Slot ID 199
[2022/5/16 - 14:20:36] Vehicle ID 364 spawned for DV Slot 199
[2022/5/16 - 14:20:36] Attempting to spawn DV Slot ID 200
[2022/5/16 - 14:20:36] Attempting to spawn DV Slot ID 201
[2022/5/16 - 14:20:36] Vehicle ID 365 spawned for DV Slot 201
[2022/5/16 - 14:20:36] Attempting to spawn DV Slot ID 202
[2022/5/16 - 14:20:36] Attempting to spawn DV Slot ID 203
[2022/5/16 - 14:20:36] Attempting to spawn DV Slot ID 204
[2022/5/16 - 14:20:36] Attempting to spawn DV Slot ID 205
[2022/5/16 - 14:20:36] Vehicle ID 366 spawned for DV Slot 205
[2022/5/16 - 14:20:36] Attempting to spawn DV Slot ID 206
[2022/5/16 - 14:20:36] Attempting to spawn DV Slot ID 207
[2022/5/16 - 14:20:36] Vehicle ID 367 spawned for DV Slot 207
[2022/5/16 - 14:20:36] Attempting to spawn DV Slot ID 208
[2022/5/16 - 14:20:36] Attempting to spawn DV Slot ID 209
[2022/5/16 - 14:20:36] Attempting to spawn DV Slot ID 210
[2022/5/16 - 14:20:36] Attempting to spawn DV Slot ID 211
[2022/5/16 - 14:20:36] Attempting to spawn DV Slot ID 212
[2022/5/16 - 14:20:36] Vehicle ID 368 spawned for DV Slot 212
[2022/5/16 - 14:20:36] Attempting to spawn DV Slot ID 213
[2022/5/16 - 14:20:36] Attempting to spawn DV Slot ID 214
[2022/5/16 - 14:20:36] Attempting to spawn DV Slot ID 215
[2022/5/16 - 14:20:36] Attempting to spawn DV Slot ID 216
[2022/5/16 - 14:20:36] Vehicle ID 369 spawned for DV Slot 216
[2022/5/16 - 14:20:36] Attempting to spawn DV Slot ID 218
[2022/5/16 - 14:20:36] Vehicle ID 370 spawned for DV Slot 218
[2022/5/16 - 14:20:36] Attempting to spawn DV Slot ID 220
[2022/5/16 - 14:20:36] Invalid Vehicle Model ID for DV Slot 220
[2022/5/16 - 14:20:36] Attempting to spawn DV Slot ID 221
[2022/5/16 - 14:20:36] Attempting to spawn DV Slot ID 222
[2022/5/16 - 14:20:36] Attempting to spawn DV Slot ID 223
[2022/5/16 - 14:20:36] Attempting to spawn DV Slot ID 224
[2022/5/16 - 14:20:36] Attempting to spawn DV Slot ID 226
[2022/5/16 - 14:20:36] Attempting to spawn DV Slot ID 227
[2022/5/16 - 14:20:36] Attempting to spawn DV Slot ID 228
[2022/5/16 - 14:20:36] Vehicle ID 371 spawned for DV Slot 228
[2022/5/16 - 14:20:36] Attempting to spawn DV Slot ID 229
[2022/5/16 - 14:20:36] Vehicle ID 372 spawned for DV Slot 229
[2022/5/16 - 14:20:36] Attempting to spawn DV Slot ID 230
[2022/5/16 - 14:20:36] Attempting to spawn DV Slot ID 232
[2022/5/16 - 14:20:36] Attempting to spawn DV Slot ID 236
[2022/5/16 - 14:20:36] Attempting to spawn DV Slot ID 237
[2022/5/16 - 14:20:36] Vehicle ID 373 spawned for DV Slot 237
[2022/5/16 - 14:20:36] Attempting to spawn DV Slot ID 238
[2022/5/16 - 14:20:36] Attempting to spawn DV Slot ID 239
[2022/5/16 - 14:20:36] Vehicle ID 374 spawned for DV Slot 239
[2022/5/16 - 14:20:36] Attempting to spawn DV Slot ID 240
[2022/5/16 - 14:20:36] Vehicle ID 375 spawned for DV Slot 240
[2022/5/16 - 14:20:36] Attempting to spawn DV Slot ID 241
[2022/5/16 - 14:20:36] Vehicle ID 376 spawned for DV Slot 241
[2022/5/16 - 14:20:36] Attempting to spawn DV Slot ID 242
[2022/5/16 - 14:20:36] Vehicle ID 377 spawned for DV Slot 242
[2022/5/16 - 14:20:36] Attempting to spawn DV Slot ID 243
[2022/5/16 - 14:20:36] Vehicle ID 378 spawned for DV Slot 243
[2022/5/16 - 14:20:36] Attempting to spawn DV Slot ID 244
[2022/5/16 - 14:20:36] Vehicle ID 379 spawned for DV Slot 244
[2022/5/16 - 14:20:36] Attempting to spawn DV Slot ID 245
[2022/5/16 - 14:20:36] Vehicle ID 380 spawned for DV Slot 245
[2022/5/16 - 14:20:36] Attempting to spawn DV Slot ID 246
[2022/5/16 - 14:20:36] Vehicle ID 381 spawned for DV Slot 246
[2022/5/16 - 14:20:36] Attempting to spawn DV Slot ID 247
[2022/5/16 - 14:20:36] Vehicle ID 382 spawned for DV Slot 247
[2022/5/16 - 14:20:36] Attempting to spawn DV Slot ID 248
[2022/5/16 - 14:20:36] Vehicle ID 383 spawned for DV Slot 248
[2022/5/16 - 14:20:36] Attempting to spawn DV Slot ID 249
[2022/5/16 - 14:20:36] Vehicle ID 384 spawned for DV Slot 249
[2022/5/16 - 14:20:36] Attempting to spawn DV Slot ID 250
[2022/5/16 - 14:20:36] Vehicle ID 385 spawned for DV Slot 250
[2022/5/16 - 14:20:36] Attempting to spawn DV Slot ID 251
[2022/5/16 - 14:20:36] Vehicle ID 386 spawned for DV Slot 251
[2022/5/16 - 14:20:36] Attempting to spawn DV Slot ID 252
[2022/5/16 - 14:20:36] Vehicle ID 387 spawned for DV Slot 252
[2022/5/16 - 14:20:36] Attempting to spawn DV Slot ID 253
[2022/5/16 - 14:20:36] Vehicle ID 388 spawned for DV Slot 253
[2022/5/16 - 14:20:36] Attempting to spawn DV Slot ID 254
[2022/5/16 - 14:20:36] Vehicle ID 389 spawned for DV Slot 254
[2022/5/16 - 14:20:36] Attempting to spawn DV Slot ID 256
[2022/5/16 - 14:20:36] Attempting to spawn DV Slot ID 257
[2022/5/16 - 14:20:36] Vehicle ID 390 spawned for DV Slot 257
[2022/5/16 - 14:20:36] Attempting to spawn DV Slot ID 258
[2022/5/16 - 14:20:36] Vehicle ID 391 spawned for DV Slot 258
[2022/5/16 - 14:20:36] Attempting to spawn DV Slot ID 259
[2022/5/16 - 14:20:36] Vehicle ID 392 spawned for DV Slot 259
[2022/5/16 - 14:20:36] Attempting to spawn DV Slot ID 260
[2022/5/16 - 14:20:36] Vehicle ID 393 spawned for DV Slot 260
[2022/5/16 - 14:20:36] Attempting to spawn DV Slot ID 261
[2022/5/16 - 14:20:36] Vehicle ID 394 spawned for DV Slot 261
[2022/5/16 - 14:20:36] Attempting to spawn DV Slot ID 262
[2022/5/16 - 14:20:36] Vehicle ID 395 spawned for DV Slot 262
[2022/5/16 - 14:20:36] Attempting to spawn DV Slot ID 263
[2022/5/16 - 14:20:36] Vehicle ID 396 spawned for DV Slot 263
[2022/5/16 - 14:20:36] Attempting to spawn DV Slot ID 264
[2022/5/16 - 14:20:36] Vehicle ID 397 spawned for DV Slot 264
[2022/5/16 - 14:20:36] Attempting to spawn DV Slot ID 265
[2022/5/16 - 14:20:36] Vehicle ID 398 spawned for DV Slot 265
[2022/5/16 - 14:20:36] Attempting to spawn DV Slot ID 266
[2022/5/16 - 14:20:36] Vehicle ID 399 spawned for DV Slot 266
[2022/5/16 - 14:20:36] Attempting to spawn DV Slot ID 267
[2022/5/16 - 14:20:36] Vehicle ID 400 spawned for DV Slot 267
[2022/5/16 - 14:20:36] Attempting to spawn DV Slot ID 268
[2022/5/16 - 14:20:36] Vehicle ID 401 spawned for DV Slot 268
[2022/5/16 - 14:20:36] Attempting to spawn DV Slot ID 269
[2022/5/16 - 14:20:36] Attempting to spawn DV Slot ID 270
[2022/5/16 - 14:20:36] Vehicle ID 402 spawned for DV Slot 270
[2022/5/16 - 14:20:36] Attempting to spawn DV Slot ID 271
[2022/5/16 - 14:20:36] Attempting to spawn DV Slot ID 272
[2022/5/16 - 14:20:36] Attempting to spawn DV Slot ID 273
[2022/5/16 - 14:20:36] Attempting to spawn DV Slot ID 274
[2022/5/16 - 14:20:36] Attempting to spawn DV Slot ID 275
[2022/5/16 - 14:20:36] Attempting to spawn DV Slot ID 276
[2022/5/16 - 14:20:36] Attempting to spawn DV Slot ID 277
[2022/5/16 - 14:20:36] Attempting to spawn DV Slot ID 278
[2022/5/16 - 14:20:36] Attempting to spawn DV Slot ID 279
[2022/5/16 - 14:20:36] Attempting to spawn DV Slot ID 280
[2022/5/16 - 14:20:36] Attempting to spawn DV Slot ID 281
[2022/5/16 - 14:20:36] Attempting to spawn DV Slot ID 282
[2022/5/16 - 14:20:36] Attempting to spawn DV Slot ID 283
[2022/5/16 - 14:20:36] Vehicle ID 403 spawned for DV Slot 283
[2022/5/16 - 14:20:36] Attempting to spawn DV Slot ID 284
[2022/5/16 - 14:20:36] Vehicle ID 404 spawned for DV Slot 284
[2022/5/16 - 14:20:36] Attempting to spawn DV Slot ID 285
[2022/5/16 - 14:20:36] Attempting to spawn DV Slot ID 286
[2022/5/16 - 14:20:36] Attempting to spawn DV Slot ID 287
[2022/5/16 - 14:20:36] Attempting to spawn DV Slot ID 288
[2022/5/16 - 14:20:36] Attempting to spawn DV Slot ID 289
[2022/5/16 - 14:20:36] Attempting to spawn DV Slot ID 290
[2022/5/16 - 14:20:36] Attempting to spawn DV Slot ID 291
[2022/5/16 - 14:20:36] Vehicle ID 405 spawned for DV Slot 291
[2022/5/16 - 14:20:36] Attempting to spawn DV Slot ID 292
[2022/5/16 - 14:20:36] Attempting to spawn DV Slot ID 293
[2022/5/16 - 14:20:36] Attempting to spawn DV Slot ID 294
[2022/5/16 - 14:20:36] Attempting to spawn DV Slot ID 295
[2022/5/16 - 14:20:36] Vehicle ID 406 spawned for DV Slot 295
[2022/5/16 - 14:20:36] Attempting to spawn DV Slot ID 296
[2022/5/16 - 14:20:36] Vehicle ID 407 spawned for DV Slot 296
[2022/5/16 - 14:20:36] Attempting to spawn DV Slot ID 297
[2022/5/16 - 14:20:36] Vehicle ID 408 spawned for DV Slot 297
[2022/5/16 - 14:20:36] Attempting to spawn DV Slot ID 298
[2022/5/16 - 14:20:36] Vehicle ID 409 spawned for DV Slot 298
[2022/5/16 - 14:20:36] Attempting to spawn DV Slot ID 299
[2022/5/16 - 14:20:36] Vehicle ID 410 spawned for DV Slot 299
[2022/5/16 - 14:20:36] Attempting to spawn DV Slot ID 300
[2022/5/16 - 14:20:36] Vehicle ID 411 spawned for DV Slot 300
[2022/5/16 - 14:20:36] Attempting to spawn DV Slot ID 301
[2022/5/16 - 14:20:36] Vehicle ID 412 spawned for DV Slot 301
[2022/5/16 - 14:20:36] Attempting to spawn DV Slot ID 302
[2022/5/16 - 14:20:36] Attempting to spawn DV Slot ID 303
[2022/5/16 - 14:20:36] Attempting to spawn DV Slot ID 304
[2022/5/16 - 14:20:36] Attempting to spawn DV Slot ID 305
[2022/5/16 - 14:20:36] Attempting to spawn DV Slot ID 306
[2022/5/16 - 14:20:36] Vehicle ID 413 spawned for DV Slot 306
[2022/5/16 - 14:20:36] Attempting to spawn DV Slot ID 307
[2022/5/16 - 14:20:36] Attempting to spawn DV Slot ID 308
[2022/5/16 - 14:20:36] Attempting to spawn DV Slot ID 309
[2022/5/16 - 14:20:36] Vehicle ID 414 spawned for DV Slot 309
[2022/5/16 - 14:20:36] Attempting to spawn DV Slot ID 310
[2022/5/16 - 14:20:36] Vehicle ID 415 spawned for DV Slot 310
[2022/5/16 - 14:20:36] Attempting to spawn DV Slot ID 311
[2022/5/16 - 14:20:36] Vehicle ID 416 spawned for DV Slot 311
[2022/5/16 - 14:20:36] Attempting to spawn DV Slot ID 312
[2022/5/16 - 14:20:36] Vehicle ID 417 spawned for DV Slot 312
[2022/5/16 - 14:20:36] Attempting to spawn DV Slot ID 313
[2022/5/16 - 14:20:36] Vehicle ID 418 spawned for DV Slot 313
[2022/5/16 - 14:20:36] Attempting to spawn DV Slot ID 314
[2022/5/16 - 14:20:36] Vehicle ID 419 spawned for DV Slot 314
[2022/5/16 - 14:20:36] Attempting to spawn DV Slot ID 315
[2022/5/16 - 14:20:36] Attempting to spawn DV Slot ID 316
[2022/5/16 - 14:20:36] Attempting to spawn DV Slot ID 317
[2022/5/16 - 14:20:36] Vehicle ID 420 spawned for DV Slot 317
[2022/5/16 - 14:20:36] Attempting to spawn DV Slot ID 318
[2022/5/16 - 14:20:36] Vehicle ID 421 spawned for DV Slot 318
[2022/5/16 - 14:20:36] Attempting to spawn DV Slot ID 319
[2022/5/16 - 14:20:36] Vehicle ID 422 spawned for DV Slot 319
[2022/5/16 - 14:20:36] Attempting to spawn DV Slot ID 320
[2022/5/16 - 14:20:36] Vehicle ID 423 spawned for DV Slot 320
[2022/5/16 - 14:20:36] Attempting to spawn DV Slot ID 321
[2022/5/16 - 14:20:36] Vehicle ID 424 spawned for DV Slot 321
[2022/5/16 - 14:20:36] Attempting to spawn DV Slot ID 322
[2022/5/16 - 14:20:36] Invalid Vehicle Model ID for DV Slot 322
[2022/5/16 - 14:20:36] Attempting to spawn DV Slot ID 323
[2022/5/16 - 14:20:36] Vehicle ID 425 spawned for DV Slot 323
[2022/5/16 - 14:20:36] Attempting to spawn DV Slot ID 324
[2022/5/16 - 14:20:36] Vehicle ID 426 spawned for DV Slot 324
[2022/5/16 - 14:20:36] Attempting to spawn DV Slot ID 325
[2022/5/16 - 14:20:36] Vehicle ID 427 spawned for DV Slot 325
[2022/5/16 - 14:20:36] Attempting to spawn DV Slot ID 326
[2022/5/16 - 14:20:36] Vehicle ID 428 spawned for DV Slot 326
[2022/5/16 - 14:20:36] Attempting to spawn DV Slot ID 327
[2022/5/16 - 14:20:36] Vehicle ID 429 spawned for DV Slot 327
[2022/5/16 - 14:20:36] Attempting to spawn DV Slot ID 328
[2022/5/16 - 14:20:36] Attempting to spawn DV Slot ID 329
[2022/5/16 - 14:20:36] Attempting to spawn DV Slot ID 330
[2022/5/16 - 14:20:36] Vehicle ID 430 spawned for DV Slot 330
[2022/5/16 - 14:20:36] Attempting to spawn DV Slot ID 331
[2022/5/16 - 14:20:36] Vehicle ID 431 spawned for DV Slot 331
[2022/5/16 - 14:20:36] Attempting to spawn DV Slot ID 332
[2022/5/16 - 14:20:36] Vehicle ID 432 spawned for DV Slot 332
[2022/5/16 - 14:20:36] Attempting to spawn DV Slot ID 333
[2022/5/16 - 14:20:36] Vehicle ID 433 spawned for DV Slot 333
[2022/5/16 - 14:20:36] Attempting to spawn DV Slot ID 334
[2022/5/16 - 14:20:36] Vehicle ID 434 spawned for DV Slot 334
[2022/5/16 - 14:20:36] Attempting to spawn DV Slot ID 335
[2022/5/16 - 14:20:36] Vehicle ID 435 spawned for DV Slot 335
[2022/5/16 - 14:20:36] Attempting to spawn DV Slot ID 336
[2022/5/16 - 14:20:36] Vehicle ID 436 spawned for DV Slot 336
[2022/5/16 - 14:20:36] Attempting to spawn DV Slot ID 337
[2022/5/16 - 14:20:36] Vehicle ID 437 spawned for DV Slot 337
[2022/5/16 - 14:20:36] Attempting to spawn DV Slot ID 338
[2022/5/16 - 14:20:36] Vehicle ID 438 spawned for DV Slot 338
[2022/5/16 - 14:20:36] Attempting to spawn DV Slot ID 339
[2022/5/16 - 14:20:36] Vehicle ID 439 spawned for DV Slot 339
[2022/5/16 - 14:20:36] Attempting to spawn DV Slot ID 340
[2022/5/16 - 14:20:36] Vehicle ID 440 spawned for DV Slot 340
[2022/5/16 - 14:20:36] Attempting to spawn DV Slot ID 341
[2022/5/16 - 14:20:36] Vehicle ID 441 spawned for DV Slot 341
[2022/5/16 - 14:20:36] Attempting to spawn DV Slot ID 342
[2022/5/16 - 14:20:36] Vehicle ID 442 spawned for DV Slot 342
[2022/5/16 - 14:20:36] Attempting to spawn DV Slot ID 343
[2022/5/16 - 14:20:36] Vehicle ID 443 spawned for DV Slot 343
[2022/5/16 - 14:20:36] Attempting to spawn DV Slot ID 344
[2022/5/16 - 14:20:36] Vehicle ID 444 spawned for DV Slot 344
[2022/5/16 - 14:20:36] Attempting to spawn DV Slot ID 345
[2022/5/16 - 14:20:36] Vehicle ID 445 spawned for DV Slot 345
[2022/5/16 - 14:20:36] Attempting to spawn DV Slot ID 346
[2022/5/16 - 14:20:36] Vehicle ID 446 spawned for DV Slot 346
[2022/5/16 - 14:20:36] Attempting to spawn DV Slot ID 347
[2022/5/16 - 14:20:36] Vehicle ID 447 spawned for DV Slot 347
[2022/5/16 - 14:20:36] Attempting to spawn DV Slot ID 348
[2022/5/16 - 14:20:36] Vehicle ID 448 spawned for DV Slot 348
[2022/5/16 - 14:20:36] Attempting to spawn DV Slot ID 349
[2022/5/16 - 14:20:36] Vehicle ID 449 spawned for DV Slot 349
[2022/5/16 - 14:20:36] Attempting to spawn DV Slot ID 350
[2022/5/16 - 14:20:36] Vehicle ID 450 spawned for DV Slot 350
[2022/5/16 - 14:20:36] Attempting to spawn DV Slot ID 351
[2022/5/16 - 14:20:36] Vehicle ID 451 spawned for DV Slot 351
[2022/5/16 - 14:20:36] Attempting to spawn DV Slot ID 352
[2022/5/16 - 14:20:36] Vehicle ID 452 spawned for DV Slot 352
[2022/5/16 - 14:20:36] Attempting to spawn DV Slot ID 353
[2022/5/16 - 14:20:36] Vehicle ID 453 spawned for DV Slot 353
[2022/5/16 - 14:20:36] Attempting to spawn DV Slot ID 354
[2022/5/16 - 14:20:36] Vehicle ID 454 spawned for DV Slot 354
[2022/5/16 - 14:20:36] Attempting to spawn DV Slot ID 355
[2022/5/16 - 14:20:36] Vehicle ID 455 spawned for DV Slot 355
[2022/5/16 - 14:20:36] Attempting to spawn DV Slot ID 356
[2022/5/16 - 14:20:36] Vehicle ID 456 spawned for DV Slot 356
[2022/5/16 - 14:20:36] Attempting to spawn DV Slot ID 357
[2022/5/16 - 14:20:36] Vehicle ID 457 spawned for DV Slot 357
[2022/5/16 - 14:20:36] Attempting to spawn DV Slot ID 358
[2022/5/16 - 14:20:36] Vehicle ID 458 spawned for DV Slot 358
[2022/5/16 - 14:20:36] Attempting to spawn DV Slot ID 359
[2022/5/16 - 14:20:36] Vehicle ID 459 spawned for DV Slot 359
[2022/5/16 - 14:20:36] Attempting to spawn DV Slot ID 360
[2022/5/16 - 14:20:36] Vehicle ID 460 spawned for DV Slot 360
[2022/5/16 - 14:20:36] Attempting to spawn DV Slot ID 361
[2022/5/16 - 14:20:36] Vehicle ID 461 spawned for DV Slot 361
[2022/5/16 - 14:20:36] Attempting to spawn DV Slot ID 362
[2022/5/16 - 14:20:36] Vehicle ID 462 spawned for DV Slot 362
[2022/5/16 - 14:20:36] Attempting to spawn DV Slot ID 363
[2022/5/16 - 14:20:36] Vehicle ID 463 spawned for DV Slot 363
[2022/5/16 - 14:20:36] Attempting to spawn DV Slot ID 364
[2022/5/16 - 14:20:36] Vehicle ID 464 spawned for DV Slot 364
[2022/5/16 - 14:20:36] Attempting to spawn DV Slot ID 365
[2022/5/16 - 14:20:36] Vehicle ID 465 spawned for DV Slot 365
[2022/5/16 - 14:20:36] Attempting to spawn DV Slot ID 366
[2022/5/16 - 14:20:36] Vehicle ID 466 spawned for DV Slot 366
